0.0.1
[INFO] Auto-detected 7 sample folders: ['ROI1', 'ROI2', 'ROI3', 'ROI4', 'ROI5', 'ROI6', 'ROI8']
<hest.HESTData.HESTData object at 0x72daafd9b310>
        'pixel_size' is 0.22052503270693188
        'wsi' is <width=17462, height=20619, backend=OpenSlideWSI>
        'shapes': []
[INFO] ROI1: tissue_seg present = True
found 0 valid patches
[INFO] Patches saved for ROI1: /project/simmons_hts/kxu/hest/xenium_data/XeniumPR5/slide1/ROI1/patches/ROI1.h5
[INFO] Patch visualization saved: /project/simmons_hts/kxu/hest/xenium_data/XeniumPR5/slide1/ROI1/patches_vis/ROI1_patch_vis.png
<hest.HESTData.HESTData object at 0x72daac4cfb50>
        'pixel_size' is 0.22069321351729967
        'wsi' is <width=14581, height=16304, backend=OpenSlideWSI>
        'shapes': []
[INFO] ROI2: tissue_seg present = True
found 0 valid patches
[INFO] Patches saved for ROI2: /project/simmons_hts/kxu/hest/xenium_data/XeniumPR5/slide1/ROI2/patches/ROI2.h5
[INFO] Patch visualization saved: /project/simmons_hts/kxu/hest/xenium_data/XeniumPR5/slide1/ROI2/patches_vis/ROI2_patch_vis.png
<hest.HESTData.HESTData object at 0x72daac4a67d0>
        'pixel_size' is 0.2205982129565053
        'wsi' is <width=17466, height=27090, backend=OpenSlideWSI>
        'shapes': []
[INFO] ROI3: tissue_seg present = True
found 0 valid patches
[INFO] Patches saved for ROI3: /project/simmons_hts/kxu/hest/xenium_data/XeniumPR5/slide1/ROI3/patches/ROI3.h5
[INFO] Patch visualization saved: /project/simmons_hts/kxu/hest/xenium_data/XeniumPR5/slide1/ROI3/patches_vis/ROI3_patch_vis.png
<hest.HESTData.HESTData object at 0x72daaffafd90>
        'pixel_size' is 0.2204977089569774
        'wsi' is <width=21761, height=14170, backend=OpenSlideWSI>
        'shapes': []
[INFO] ROI4: tissue_seg present = True
found 0 valid patches
[INFO] Patches saved for ROI4: /project/simmons_hts/kxu/hest/xenium_data/XeniumPR5/slide1/ROI4/patches/ROI4.h5
[INFO] Patch visualization saved: /project/simmons_hts/kxu/hest/xenium_data/XeniumPR5/slide1/ROI4/patches_vis/ROI4_patch_vis.png
<hest.HESTData.HESTData object at 0x72daaff51290>
        'pixel_size' is 0.22057994167763087
        'wsi' is <width=18916, height=33569, backend=OpenSlideWSI>
        'shapes': []
[INFO] ROI5: tissue_seg present = True
found 0 valid patches
[INFO] Patches saved for ROI5: /project/simmons_hts/kxu/hest/xenium_data/XeniumPR5/slide1/ROI5/patches/ROI5.h5
[INFO] Patch visualization saved: /project/simmons_hts/kxu/hest/xenium_data/XeniumPR5/slide1/ROI5/patches_vis/ROI5_patch_vis.png
[ERROR] Missing required file(s) for ROI6: Missing /project/simmons_hts/kxu/hest/xenium_data/XeniumPR5/slide1/ROI6/aligned_adata.h5ad
[ERROR] Missing required file(s) for ROI8: Missing /project/simmons_hts/kxu/hest/xenium_data/XeniumPR5/slide1/ROI8/aligned_adata.h5ad
CBB Profiling started Mon Nov 17 17:59:17 2025
SLURM_JOB_ID		4505547
REQ_CPU_CORES		20
REQ_MEMORY_GB		5.000000
Starting profiling...

                                                                                
                                                                                
                                   CPU (cores)                                  
  20 +----------------------------------------------------------------------+   
     |        +        +        +        +       +        +        +        |   
  18 |-+                                                                  +-|   
     |                                                                      |   
     |                                                                      |   
  16 |-+                                                                  +-|   
     |                                                                      |   
  14 |-+                                                                  +-|   
     |                                                                      |   
  12 |-+                                                                  +-|   
     |                                                                      |   
  10 |-+                                                                  +-|   
     |                                                                      |   
     |                                                                      |   
   8 |-+                                                                  +-|   
     |                                                                      |   
   6 |-+                                                                  +-|   
     |                                                                      |   
   4 |-+                                                                  +-|   
     |                                                                      |   
     |                                                                      |   
   2 |-####                                                               +-|   
     |#    ##############################################################   |   
   0 +----------------------------------------------------------------------+   
     0        10       20       30       40      50       60       70       80  
                               Job profiling step                               
                                                                                

                                                                                
                                                                                
                                    Memory (GB)                                 
    5 +---------------------------------------------------------------------+   
      |        +        +       +        +        +        +       +        |   
  4.5 |-+                                                                 +-|   
      |                                                                     |   
      |                                                                     |   
    4 |-+                                                                 +-|   
      |                                                                     |   
  3.5 |-+                                                                 +-|   
      |                                                                     |   
    3 |-+                                                                 +-|   
      |                                                                     |   
  2.5 |-+                                                                 +-|   
      |                                                                     |   
      |                                                                     |   
    2 |-+                                                                 +-|   
      |                                                                     |   
  1.5 |-+                                                                 +-|   
      |                                                                     |   
    1 |-+                                                                 +-|   
      |              ####################################################   |   
      |   ###########                                                       |   
  0.5 |-+ #                                                               +-|   
      |###     +        +       +        +        +        +       +        |   
    0 +---------------------------------------------------------------------+   
      0        10       20      30       40       50       60      70       80  
                                Job profiling step                              
                                                                                

                                                                                
                                                                                
                                    Data read (GB)                              
  3.5e-05 +-----------------------------------------------------------------+   
          |       +        +       +       +       +        +       +       |   
          |                                                                 |   
    3e-05 |-+                                                       ##### +-|   
          |                                                         #       |   
          |                                                   ######        |   
          |                                                   #             |   
  2.5e-05 |-+                                                #            +-|   
          |                                            #######              |   
          |                                            #                    |   
    2e-05 |-+                                     #####                   +-|   
          |                                       #                         |   
          |                                      #                          |   
  1.5e-05 |-+                            #########                        +-|   
          |                              #                                  |   
          |                          #####                                  |   
    1e-05 |-+                        #                                    +-|   
          |                         #                                       |   
          |                 #########                                       |   
          |                 #                                               |   
    5e-06 |-+       ########                                              +-|   
          |         #                                                       |   
          |       +#       +       +       +       +        +       +       |   
        0 +-----------------------------------------------------------------+   
          0       10       20      30      40      50       60      70      80  
                                  Job profiling step                            
                                                                                

                                                                                
                                                                                
                                 Data written (GB)                              
   0.4 +--------------------------------------------------------------------+   
       |        +       +        +        +       +        +       +  ###   |   
       |                                                            ##      |   
  0.35 |-+                                                         #      +-|   
       |                                                        ###         |   
       |                                                       #            |   
   0.3 |-+                                                   ##           +-|   
       |                                              #######               |   
       |                                            ##                      |   
  0.25 |-+                                         #                      +-|   
       |                                         ##                         |   
   0.2 |-+                                      #                         +-|   
       |                                  #######                           |   
       |                                ##                                  |   
  0.15 |-+                             #                                  +-|   
       |                             ##                                     |   
       |                           ##                                       |   
   0.1 |-+                   #######                                      +-|   
       |                   ##                                               |   
       |              #####                                                 |   
  0.05 |-+          ##                                                    +-|   
       |           #                                                        |   
       |        +##     +        +        +       +        +       +        |   
     0 +--------------------------------------------------------------------+   
       0        10      20       30       40      50       60      70       80  
                                Job profiling step                              
                                                                                
