0.0.1
Processing /project/simmons_hts/kxu/hest/visium_data/VisiumR2/slide1...
[INFO] Auto-detected 4 sample folders: ['ROI1', 'ROI2', 'ROI3', 'ROI4']
<hest.HESTData.HESTData object at 0x7970da687e90>
        'pixel_size' is 0.4426834746118445
        'wsi' is <width=20351, height=18498, backend=OpenSlideWSI>
        'shapes': []
[INFO] ROI1: tissue_seg present = True
found 0 valid patches
[INFO] Patches saved for ROI1: /project/simmons_hts/kxu/hest/visium_data/VisiumR2/slide1/ROI1/patches/ROI1.h5
[INFO] Patch visualization saved: /project/simmons_hts/kxu/hest/visium_data/VisiumR2/slide1/ROI1/patches_vis/ROI1_patch_vis.png
<hest.HESTData.HESTData object at 0x7970d81878d0>
        'pixel_size' is 0.43877167028347397
        'wsi' is <width=20337, height=18496, backend=OpenSlideWSI>
        'shapes': []
[INFO] ROI2: tissue_seg present = True
found 0 valid patches
[INFO] Patches saved for ROI2: /project/simmons_hts/kxu/hest/visium_data/VisiumR2/slide1/ROI2/patches/ROI2.h5
[INFO] Patch visualization saved: /project/simmons_hts/kxu/hest/visium_data/VisiumR2/slide1/ROI2/patches_vis/ROI2_patch_vis.png
<hest.HESTData.HESTData object at 0x7970d9d33d90>
        'pixel_size' is 0.4410598367253281
        'wsi' is <width=18496, height=20339, backend=OpenSlideWSI>
        'shapes': []
[INFO] ROI3: tissue_seg present = True
found 0 valid patches
[INFO] Patches saved for ROI3: /project/simmons_hts/kxu/hest/visium_data/VisiumR2/slide1/ROI3/patches/ROI3.h5
[INFO] Patch visualization saved: /project/simmons_hts/kxu/hest/visium_data/VisiumR2/slide1/ROI3/patches_vis/ROI3_patch_vis.png
<hest.HESTData.HESTData object at 0x7970d888b690>
        'pixel_size' is 0.4398037158528228
        'wsi' is <width=20339, height=18496, backend=OpenSlideWSI>
        'shapes': []
[INFO] ROI4: tissue_seg present = True
found 0 valid patches
[INFO] Patches saved for ROI4: /project/simmons_hts/kxu/hest/visium_data/VisiumR2/slide1/ROI4/patches/ROI4.h5
[INFO] Patch visualization saved: /project/simmons_hts/kxu/hest/visium_data/VisiumR2/slide1/ROI4/patches_vis/ROI4_patch_vis.png
Processing /project/simmons_hts/kxu/hest/visium_data/VisiumR2/slide2...
[INFO] Auto-detected 4 sample folders: ['ROI1', 'ROI2', 'ROI3', 'ROI4']
<hest.HESTData.HESTData object at 0x7970d86d3b90>
        'pixel_size' is 0.4426559356136821
        'wsi' is <width=20346, height=18503, backend=OpenSlideWSI>
        'shapes': []
[INFO] ROI1: tissue_seg present = True
found 0 valid patches
[INFO] Patches saved for ROI1: /project/simmons_hts/kxu/hest/visium_data/VisiumR2/slide2/ROI1/patches/ROI1.h5
[INFO] Patch visualization saved: /project/simmons_hts/kxu/hest/visium_data/VisiumR2/slide2/ROI1/patches_vis/ROI1_patch_vis.png
<hest.HESTData.HESTData object at 0x7970d894ba50>
        'pixel_size' is 0.44272273734845113
        'wsi' is <width=18899, height=18496, backend=OpenSlideWSI>
        'shapes': []
[INFO] ROI2: tissue_seg present = True
found 0 valid patches
[INFO] Patches saved for ROI2: /project/simmons_hts/kxu/hest/visium_data/VisiumR2/slide2/ROI2/patches/ROI2.h5
[INFO] Patch visualization saved: /project/simmons_hts/kxu/hest/visium_data/VisiumR2/slide2/ROI2/patches_vis/ROI2_patch_vis.png
<hest.HESTData.HESTData object at 0x7970d4eb03d0>
        'pixel_size' is 0.4427083183217939
        'wsi' is <width=20354, height=18496, backend=OpenSlideWSI>
        'shapes': []
[INFO] ROI3: tissue_seg present = True
found 0 valid patches
[INFO] Patches saved for ROI3: /project/simmons_hts/kxu/hest/visium_data/VisiumR2/slide2/ROI3/patches/ROI3.h5
[INFO] Patch visualization saved: /project/simmons_hts/kxu/hest/visium_data/VisiumR2/slide2/ROI3/patches_vis/ROI3_patch_vis.png
<hest.HESTData.HESTData object at 0x7970d4463c90>
        'pixel_size' is 0.4401668217373307
        'wsi' is <width=18508, height=20346, backend=OpenSlideWSI>
        'shapes': []
[INFO] ROI4: tissue_seg present = True
found 0 valid patches
[INFO] Patches saved for ROI4: /project/simmons_hts/kxu/hest/visium_data/VisiumR2/slide2/ROI4/patches/ROI4.h5
[INFO] Patch visualization saved: /project/simmons_hts/kxu/hest/visium_data/VisiumR2/slide2/ROI4/patches_vis/ROI4_patch_vis.png
Processing /project/simmons_hts/kxu/hest/visium_data/VisiumR3/slide1...
[INFO] Auto-detected 4 sample folders: ['ROI1', 'ROI2', 'ROI3', 'ROI4']
<hest.HESTData.HESTData object at 0x7970d45b4350>
        'pixel_size' is 0.44296109440631604
        'wsi' is <width=20340, height=18501, backend=OpenSlideWSI>
        'shapes': []
[INFO] ROI1: tissue_seg present = True
found 0 valid patches
[INFO] Patches saved for ROI1: /project/simmons_hts/kxu/hest/visium_data/VisiumR3/slide1/ROI1/patches/ROI1.h5
[INFO] Patch visualization saved: /project/simmons_hts/kxu/hest/visium_data/VisiumR3/slide1/ROI1/patches_vis/ROI1_patch_vis.png
<hest.HESTData.HESTData object at 0x7970d984cd10>
        'pixel_size' is 0.44084184792638825
        'wsi' is <width=20350, height=18500, backend=OpenSlideWSI>
        'shapes': []
[INFO] ROI2: tissue_seg present = True
found 0 valid patches
[INFO] Patches saved for ROI2: /project/simmons_hts/kxu/hest/visium_data/VisiumR3/slide1/ROI2/patches/ROI2.h5
[INFO] Patch visualization saved: /project/simmons_hts/kxu/hest/visium_data/VisiumR3/slide1/ROI2/patches_vis/ROI2_patch_vis.png
<hest.HESTData.HESTData object at 0x7970d868a010>
        'pixel_size' is 0.4382164760411641
        'wsi' is <width=18910, height=18500, backend=OpenSlideWSI>
        'shapes': []
[INFO] ROI3: tissue_seg present = True
found 0 valid patches
[INFO] Patches saved for ROI3: /project/simmons_hts/kxu/hest/visium_data/VisiumR3/slide1/ROI3/patches/ROI3.h5
[INFO] Patch visualization saved: /project/simmons_hts/kxu/hest/visium_data/VisiumR3/slide1/ROI3/patches_vis/ROI3_patch_vis.png
<hest.HESTData.HESTData object at 0x7970c11b7850>
        'pixel_size' is 0.44216784780318674
        'wsi' is <width=18921, height=18499, backend=OpenSlideWSI>
        'shapes': []
[INFO] ROI4: tissue_seg present = True
found 0 valid patches
[INFO] Patches saved for ROI4: /project/simmons_hts/kxu/hest/visium_data/VisiumR3/slide1/ROI4/patches/ROI4.h5
[INFO] Patch visualization saved: /project/simmons_hts/kxu/hest/visium_data/VisiumR3/slide1/ROI4/patches_vis/ROI4_patch_vis.png
Skipping /project/simmons_hts/kxu/hest/visium_data/VisiumR3/slide2 (not found)
Processing /project/simmons_hts/kxu/hest/visium_data/VisiumR4/slide1...
[INFO] Auto-detected 4 sample folders: ['ROI1', 'ROI2', 'ROI3', 'ROI4']
<hest.HESTData.HESTData object at 0x7970d8e8a310>
        'pixel_size' is 0.4427048500924932
        'wsi' is <width=18898, height=18501, backend=OpenSlideWSI>
        'shapes': []
[INFO] ROI1: tissue_seg present = True
found 0 valid patches
[INFO] Patches saved for ROI1: /project/simmons_hts/kxu/hest/visium_data/VisiumR4/slide1/ROI1/patches/ROI1.h5
[INFO] Patch visualization saved: /project/simmons_hts/kxu/hest/visium_data/VisiumR4/slide1/ROI1/patches_vis/ROI1_patch_vis.png
<hest.HESTData.HESTData object at 0x7970d3a507d0>
        'pixel_size' is 0.47918903369998833
        'wsi' is <width=18905, height=18507, backend=OpenSlideWSI>
        'shapes': []
[INFO] ROI2: tissue_seg present = True
found 0 valid patches
[INFO] Patches saved for ROI2: /project/simmons_hts/kxu/hest/visium_data/VisiumR4/slide1/ROI2/patches/ROI2.h5
[INFO] Patch visualization saved: /project/simmons_hts/kxu/hest/visium_data/VisiumR4/slide1/ROI2/patches_vis/ROI2_patch_vis.png
<hest.HESTData.HESTData object at 0x7970d52ebf10>
        'pixel_size' is 0.44293301685959935
        'wsi' is <width=20349, height=18506, backend=OpenSlideWSI>
        'shapes': []
[INFO] ROI3: tissue_seg present = True
found 0 valid patches
[INFO] Patches saved for ROI3: /project/simmons_hts/kxu/hest/visium_data/VisiumR4/slide1/ROI3/patches/ROI3.h5
[INFO] Patch visualization saved: /project/simmons_hts/kxu/hest/visium_data/VisiumR4/slide1/ROI3/patches_vis/ROI3_patch_vis.png
<hest.HESTData.HESTData object at 0x7970d38fae10>
        'pixel_size' is 0.4424765392099344
        'wsi' is <width=18914, height=18503, backend=OpenSlideWSI>
        'shapes': []
[INFO] ROI4: tissue_seg present = True
found 0 valid patches
[INFO] Patches saved for ROI4: /project/simmons_hts/kxu/hest/visium_data/VisiumR4/slide1/ROI4/patches/ROI4.h5
[INFO] Patch visualization saved: /project/simmons_hts/kxu/hest/visium_data/VisiumR4/slide1/ROI4/patches_vis/ROI4_patch_vis.png
Skipping /project/simmons_hts/kxu/hest/visium_data/VisiumR4/slide2 (not found)
Processing /project/simmons_hts/kxu/hest/visium_data/VisiumR5/slide1...
[INFO] Auto-detected 4 sample folders: ['ROI1', 'ROI2', 'ROI3', 'ROI4']
<hest.HESTData.HESTData object at 0x7970d8836bd0>
        'pixel_size' is 0.4426084197991328
        'wsi' is <width=18912, height=19584, backend=OpenSlideWSI>
        'shapes': []
[INFO] ROI1: tissue_seg present = True
found 0 valid patches
[INFO] Patches saved for ROI1: /project/simmons_hts/kxu/hest/visium_data/VisiumR5/slide1/ROI1/patches/ROI1.h5
[INFO] Patch visualization saved: /project/simmons_hts/kxu/hest/visium_data/VisiumR5/slide1/ROI1/patches_vis/ROI1_patch_vis.png
<hest.HESTData.HESTData object at 0x7970d86ae210>
        'pixel_size' is 0.4424778761061947
        'wsi' is <width=18904, height=19584, backend=OpenSlideWSI>
        'shapes': []
[INFO] ROI2: tissue_seg present = True
found 0 valid patches
[INFO] Patches saved for ROI2: /project/simmons_hts/kxu/hest/visium_data/VisiumR5/slide1/ROI2/patches/ROI2.h5
[INFO] Patch visualization saved: /project/simmons_hts/kxu/hest/visium_data/VisiumR5/slide1/ROI2/patches_vis/ROI2_patch_vis.png
<hest.HESTData.HESTData object at 0x7970d5183c90>
        'pixel_size' is 0.44273561317455157
        'wsi' is <width=20353, height=19586, backend=OpenSlideWSI>
        'shapes': []
[INFO] ROI3: tissue_seg present = True
found 0 valid patches
[INFO] Patches saved for ROI3: /project/simmons_hts/kxu/hest/visium_data/VisiumR5/slide1/ROI3/patches/ROI3.h5
[INFO] Patch visualization saved: /project/simmons_hts/kxu/hest/visium_data/VisiumR5/slide1/ROI3/patches_vis/ROI3_patch_vis.png
<hest.HESTData.HESTData object at 0x7970d5390150>
        'pixel_size' is 0.4426410918480266
        'wsi' is <width=20352, height=19586, backend=OpenSlideWSI>
        'shapes': []
[INFO] ROI4: tissue_seg present = True
found 0 valid patches
[INFO] Patches saved for ROI4: /project/simmons_hts/kxu/hest/visium_data/VisiumR5/slide1/ROI4/patches/ROI4.h5
[INFO] Patch visualization saved: /project/simmons_hts/kxu/hest/visium_data/VisiumR5/slide1/ROI4/patches_vis/ROI4_patch_vis.png
Processing /project/simmons_hts/kxu/hest/visium_data/VisiumR5/slide2...
[INFO] Auto-detected 3 sample folders: ['ROI1', 'ROI2', 'ROI3']
<hest.HESTData.HESTData object at 0x7970d3993bd0>
        'pixel_size' is 0.43908853959891986
        'wsi' is <width=18903, height=18497, backend=OpenSlideWSI>
        'shapes': []
[INFO] ROI1: tissue_seg present = True
found 0 valid patches
[INFO] Patches saved for ROI1: /project/simmons_hts/kxu/hest/visium_data/VisiumR5/slide2/ROI1/patches/ROI1.h5
[INFO] Patch visualization saved: /project/simmons_hts/kxu/hest/visium_data/VisiumR5/slide2/ROI1/patches_vis/ROI1_patch_vis.png
<hest.HESTData.HESTData object at 0x7970c0252f10>
        'pixel_size' is 0.4427571947172449
        'wsi' is <width=20344, height=17419, backend=OpenSlideWSI>
        'shapes': []
[INFO] ROI2: tissue_seg present = True
found 0 valid patches
[INFO] Patches saved for ROI2: /project/simmons_hts/kxu/hest/visium_data/VisiumR5/slide2/ROI2/patches/ROI2.h5
[INFO] Patch visualization saved: /project/simmons_hts/kxu/hest/visium_data/VisiumR5/slide2/ROI2/patches_vis/ROI2_patch_vis.png
<hest.HESTData.HESTData object at 0x7970d903f990>
        'pixel_size' is 0.44260780200614663
        'wsi' is <width=20356, height=18498, backend=OpenSlideWSI>
        'shapes': []
[INFO] ROI3: tissue_seg present = True
found 0 valid patches
[INFO] Patches saved for ROI3: /project/simmons_hts/kxu/hest/visium_data/VisiumR5/slide2/ROI3/patches/ROI3.h5
[INFO] Patch visualization saved: /project/simmons_hts/kxu/hest/visium_data/VisiumR5/slide2/ROI3/patches_vis/ROI3_patch_vis.png
Processing /project/simmons_hts/kxu/hest/visium_data/VisiumR6/slide1...
[INFO] Auto-detected 4 sample folders: ['ROI1', 'ROI2', 'ROI3', 'ROI4']
<hest.HESTData.HESTData object at 0x7970d4816050>
        'pixel_size' is 0.44247486810664965
        'wsi' is <width=18902, height=18496, backend=OpenSlideWSI>
        'shapes': []
[INFO] ROI1: tissue_seg present = True
found 0 valid patches
[INFO] Patches saved for ROI1: /project/simmons_hts/kxu/hest/visium_data/VisiumR6/slide1/ROI1/patches/ROI1.h5
[INFO] Patch visualization saved: /project/simmons_hts/kxu/hest/visium_data/VisiumR6/slide1/ROI1/patches_vis/ROI1_patch_vis.png
<hest.HESTData.HESTData object at 0x7970ba2cc1d0>
        'pixel_size' is 0.44270579640485225
        'wsi' is <width=20345, height=18496, backend=OpenSlideWSI>
        'shapes': []
[INFO] ROI2: tissue_seg present = True
found 0 valid patches
[INFO] Patches saved for ROI2: /project/simmons_hts/kxu/hest/visium_data/VisiumR6/slide1/ROI2/patches/ROI2.h5
[INFO] Patch visualization saved: /project/simmons_hts/kxu/hest/visium_data/VisiumR6/slide1/ROI2/patches_vis/ROI2_patch_vis.png
<hest.HESTData.HESTData object at 0x7970d87e8f50>
        'pixel_size' is 0.4398335064174735
        'wsi' is <width=20348, height=18502, backend=OpenSlideWSI>
        'shapes': []
[INFO] ROI3: tissue_seg present = True
found 0 valid patches
[INFO] Patches saved for ROI3: /project/simmons_hts/kxu/hest/visium_data/VisiumR6/slide1/ROI3/patches/ROI3.h5
[INFO] Patch visualization saved: /project/simmons_hts/kxu/hest/visium_data/VisiumR6/slide1/ROI3/patches_vis/ROI3_patch_vis.png
<hest.HESTData.HESTData object at 0x7970d87b4590>
        'pixel_size' is 0.43743933220054076
        'wsi' is <width=20354, height=18501, backend=OpenSlideWSI>
        'shapes': []
[INFO] ROI4: tissue_seg present = True
found 0 valid patches
[INFO] Patches saved for ROI4: /project/simmons_hts/kxu/hest/visium_data/VisiumR6/slide1/ROI4/patches/ROI4.h5
[INFO] Patch visualization saved: /project/simmons_hts/kxu/hest/visium_data/VisiumR6/slide1/ROI4/patches_vis/ROI4_patch_vis.png
Processing /project/simmons_hts/kxu/hest/visium_data/VisiumR6/slide2...
[INFO] Auto-detected 4 sample folders: ['ROI1', 'ROI2', 'ROI3', 'ROI4']
<hest.HESTData.HESTData object at 0x7970bab24c10>
        'pixel_size' is 0.4427757648965839
        'wsi' is <width=18901, height=18503, backend=OpenSlideWSI>
        'shapes': []
[INFO] ROI1: tissue_seg present = True
found 0 valid patches
[INFO] Patches saved for ROI1: /project/simmons_hts/kxu/hest/visium_data/VisiumR6/slide2/ROI1/patches/ROI1.h5
[INFO] Patch visualization saved: /project/simmons_hts/kxu/hest/visium_data/VisiumR6/slide2/ROI1/patches_vis/ROI1_patch_vis.png
<hest.HESTData.HESTData object at 0x7970d8ecd290>
        'pixel_size' is 0.442477755785035
        'wsi' is <width=18901, height=18496, backend=OpenSlideWSI>
        'shapes': []
[INFO] ROI2: tissue_seg present = True
found 0 valid patches
[INFO] Patches saved for ROI2: /project/simmons_hts/kxu/hest/visium_data/VisiumR6/slide2/ROI2/patches/ROI2.h5
[INFO] Patch visualization saved: /project/simmons_hts/kxu/hest/visium_data/VisiumR6/slide2/ROI2/patches_vis/ROI2_patch_vis.png
<hest.HESTData.HESTData object at 0x7970bb8fcdd0>
        'pixel_size' is 0.44286968509699487
        'wsi' is <width=20343, height=18504, backend=OpenSlideWSI>
        'shapes': []
[INFO] ROI3: tissue_seg present = True
CBB Profiling started Tue Dec  2 18:09:37 2025
SLURM_JOB_ID		4613695
REQ_CPU_CORES		30
REQ_MEMORY_GB		5.000000
Starting profiling...

                                                                                
                                                                                
                                   CPU (cores)                                  
  30 +----------------------------------------------------------------------+   
     |       +       +       +       +      +       +       +       +       |   
     |                                                                      |   
     |                                                                      |   
  25 |-+                                                                  +-|   
     |                                                                      |   
     |                                                                      |   
     |                                                                      |   
  20 |-+                                                                  +-|   
     |                                                                      |   
     |                                                                      |   
  15 |-+                                                                  +-|   
     |                                                                      |   
     |                                                                      |   
     |                                                                      |   
  10 |-+                                                                  +-|   
     |                                                                      |   
     |                                                                      |   
     |                                                                      |   
   5 |-+                                                                  +-|   
     |                                                                      |   
     |                                                                      |   
     |######################################################################|   
   0 +----------------------------------------------------------------------+   
     0      200     400     600     800    1000    1200    1400    1600    1800 
                               Job profiling step                               
                                                                                

                                                                                
                                                                                
                                    Memory (GB)                                 
    5 +---------------------------------------------------------------------+   
      |       +       +      +       +       +       +      +       +       |   
  4.5 |-+                                                                 +-|   
      |                                                                     |   
      |                                                                     |   
    4 |-+                                                                 +-|   
      |                                                                     |   
  3.5 |-+                                                                 +-|   
      |                                                                     |   
    3 |-+                                                                 +-|   
      |                                                                     |   
  2.5 |-+                                                                 +-|   
      |                                                                     |   
      |                                                                     |   
    2 |-+                                                                 +-|   
      |                                                                     |   
  1.5 |-+                                                                 +-|   
      |                                                                     |   
    1 |-+                                                                 +-|   
      |                                ####  #     #####  #### #############|   
      |           ######################  ##########   ####  ###            |   
  0.5 |############ ##                                                    +-|   
      |       +       +      +       +       +       +      +       +       |   
    0 +---------------------------------------------------------------------+   
      0      200     400    600     800     1000    1200   1400    1600    1800 
                                Job profiling step                              
                                                                                

                                                                                
                                                                                
                                   Data read (GB)                               
  0.0012 +------------------------------------------------------------------+   
         |      +       +      +       +      +       +      +       +      |   
         |                                                                 #|   
         |                                                             #####|   
   0.001 |-+                                                         ###  +-|   
         |                                                      ######      |   
         |                                                   ####           |   
         |                                                ####              |   
  0.0008 |-+                                          #####               +-|   
         |                                         ####                     |   
         |                                      ####                        |   
  0.0006 |-+                                  ###                         +-|   
         |                                 ####                             |   
         |                              ####                                |   
         |                           ####                                   |   
  0.0004 |-+                      ####                                    +-|   
         |                    #####                                         |   
         |                 ####                                             |   
         |              ####                                                |   
  0.0002 |-+         ####                                                 +-|   
         |        ####                                                      |   
         |     ####                                                         |   
         | #####+       +      +       +      +       +      +       +      |   
       0 +------------------------------------------------------------------+   
         0     200     400    600     800    1000    1200   1400    1600   1800 
                                 Job profiling step                             
                                                                                

                                                                                
                                                                                
                                Data written (GB)                               
  16 +----------------------------------------------------------------------+   
     |       +       +       +       +      +       +       +       +     ##|   
     |                                                                 #### |   
  14 |-+                                                            ####  +-|   
     |                                                          #####       |   
     |                                                       ####           |   
  12 |-+                                                  ####            +-|   
     |                                                #####                 |   
     |                                             ####                     |   
  10 |-+                                        ####                      +-|   
     |                                        ###                           |   
   8 |-+                                   ####                           +-|   
     |                                  ####                                |   
     |                               ####                                   |   
   6 |-+                         #####                                    +-|   
     |                       #####                                          |   
     |                    ####                                              |   
   4 |-+               ####                                               +-|   
     |              ####                                                    |   
     |           ####                                                       |   
   2 |-+      ####                                                        +-|   
     |    #####                                                             |   
     | ####  +       +       +       +      +       +       +       +       |   
   0 +----------------------------------------------------------------------+   
     0      200     400     600     800    1000    1200    1400    1600    1800 
                               Job profiling step                               
                                                                                
