0.0.1
Processing /project/simmons_hts/kxu/hest/xenium_data/XeniumR6/slide1...
[INFO] Auto-detected 6 sample folders: ['ROI1', 'ROI2', 'ROI3', 'ROI4', 'ROI5', 'ROI6']
<hest.HESTData.HESTData object at 0x72dbc57e2990>
        'pixel_size' is 0.22052311639419295
        'wsi' is <width=23204, height=31393, backend=OpenSlideWSI>
        'shapes': []
[INFO] ROI1: tissue_seg present = True
found 0 valid patches
[INFO] Patches saved for ROI1: /project/simmons_hts/kxu/hest/xenium_data/XeniumR6/slide1/ROI1/patches/ROI1.h5
[INFO] Patch visualization saved: /project/simmons_hts/kxu/hest/xenium_data/XeniumR6/slide1/ROI1/patches_vis/ROI1_patch_vis.png
<hest.HESTData.HESTData object at 0x72dbc2427890>
        'pixel_size' is 0.2204794992378835
        'wsi' is <width=26058, height=22774, backend=OpenSlideWSI>
        'shapes': []
[INFO] ROI2: tissue_seg present = True
found 0 valid patches
[INFO] Patches saved for ROI2: /project/simmons_hts/kxu/hest/xenium_data/XeniumR6/slide1/ROI2/patches/ROI2.h5
[INFO] Patch visualization saved: /project/simmons_hts/kxu/hest/xenium_data/XeniumR6/slide1/ROI2/patches_vis/ROI2_patch_vis.png
<hest.HESTData.HESTData object at 0x72dbc248f810>
        'pixel_size' is 0.22064871827023919
        'wsi' is <width=15979, height=20612, backend=OpenSlideWSI>
        'shapes': []
[INFO] ROI3: tissue_seg present = True
found 0 valid patches
[INFO] Patches saved for ROI3: /project/simmons_hts/kxu/hest/xenium_data/XeniumR6/slide1/ROI3/patches/ROI3.h5
[INFO] Patch visualization saved: /project/simmons_hts/kxu/hest/xenium_data/XeniumR6/slide1/ROI3/patches_vis/ROI3_patch_vis.png
<hest.HESTData.HESTData object at 0x72dbc234f9d0>
        'pixel_size' is 0.22045593807079839
        'wsi' is <width=24628, height=21643, backend=OpenSlideWSI>
        'shapes': []
[INFO] ROI4: tissue_seg present = True
found 0 valid patches
[INFO] Patches saved for ROI4: /project/simmons_hts/kxu/hest/xenium_data/XeniumR6/slide1/ROI4/patches/ROI4.h5
[INFO] Patch visualization saved: /project/simmons_hts/kxu/hest/xenium_data/XeniumR6/slide1/ROI4/patches_vis/ROI4_patch_vis.png
<hest.HESTData.HESTData object at 0x72dbc5816350>
        'pixel_size' is 0.22047107801134094
        'wsi' is <width=62038, height=29284, backend=OpenSlideWSI>
        'shapes': []
[INFO] ROI5: tissue_seg present = True
found 0 valid patches
[INFO] Patches saved for ROI5: /project/simmons_hts/kxu/hest/xenium_data/XeniumR6/slide1/ROI5/patches/ROI5.h5
[INFO] Patch visualization saved: /project/simmons_hts/kxu/hest/xenium_data/XeniumR6/slide1/ROI5/patches_vis/ROI5_patch_vis.png
<hest.HESTData.HESTData object at 0x72dbc585e350>
        'pixel_size' is 0.2203912629752772
        'wsi' is <width=49085, height=23886, backend=OpenSlideWSI>
        'shapes': []
[INFO] ROI6: tissue_seg present = True
found 0 valid patches
[INFO] Patches saved for ROI6: /project/simmons_hts/kxu/hest/xenium_data/XeniumR6/slide1/ROI6/patches/ROI6.h5
[INFO] Patch visualization saved: /project/simmons_hts/kxu/hest/xenium_data/XeniumR6/slide1/ROI6/patches_vis/ROI6_patch_vis.png
Processing /project/simmons_hts/kxu/hest/xenium_data/XeniumR6/slide2...
[INFO] Auto-detected 5 sample folders: ['ROI10', 'ROI11', 'ROI7', 'ROI8', 'ROI9']
<hest.HESTData.HESTData object at 0x72dbc1ad29d0>
        'pixel_size' is 0.2204777763569274
        'wsi' is <width=21748, height=10906, backend=OpenSlideWSI>
        'shapes': []
[INFO] ROI10: tissue_seg present = True
found 0 valid patches
[INFO] Patches saved for ROI10: /project/simmons_hts/kxu/hest/xenium_data/XeniumR6/slide2/ROI10/patches/ROI10.h5
[INFO] Patch visualization saved: /project/simmons_hts/kxu/hest/xenium_data/XeniumR6/slide2/ROI10/patches_vis/ROI10_patch_vis.png
<hest.HESTData.HESTData object at 0x72dbc58acb50>
        'pixel_size' is 0.22058205739906586
        'wsi' is <width=40491, height=54010, backend=OpenSlideWSI>
        'shapes': []
[INFO] ROI11: tissue_seg present = True
found 0 valid patches
[INFO] Patches saved for ROI11: /project/simmons_hts/kxu/hest/xenium_data/XeniumR6/slide2/ROI11/patches/ROI11.h5
[INFO] Patch visualization saved: /project/simmons_hts/kxu/hest/xenium_data/XeniumR6/slide2/ROI11/patches_vis/ROI11_patch_vis.png
<hest.HESTData.HESTData object at 0x72dbc231b6d0>
        'pixel_size' is 0.22058282311947774
        'wsi' is <width=37563, height=32489, backend=OpenSlideWSI>
        'shapes': []
[INFO] ROI7: tissue_seg present = True
found 0 valid patches
[INFO] Patches saved for ROI7: /project/simmons_hts/kxu/hest/xenium_data/XeniumR6/slide2/ROI7/patches/ROI7.h5
[INFO] Patch visualization saved: /project/simmons_hts/kxu/hest/xenium_data/XeniumR6/slide2/ROI7/patches_vis/ROI7_patch_vis.png
<hest.HESTData.HESTData object at 0x72dbc14f8590>
        'pixel_size' is 0.22046323752819308
        'wsi' is <width=39010, height=17408, backend=OpenSlideWSI>
        'shapes': []
[INFO] ROI8: tissue_seg present = True
found 0 valid patches
[INFO] Patches saved for ROI8: /project/simmons_hts/kxu/hest/xenium_data/XeniumR6/slide2/ROI8/patches/ROI8.h5
[INFO] Patch visualization saved: /project/simmons_hts/kxu/hest/xenium_data/XeniumR6/slide2/ROI8/patches_vis/ROI8_patch_vis.png
<hest.HESTData.HESTData object at 0x72dbc2101290>
        'pixel_size' is 0.22055790383067717
        'wsi' is <width=30374, height=35707, backend=OpenSlideWSI>
        'shapes': []
[INFO] ROI9: tissue_seg present = True
found 0 valid patches
[INFO] Patches saved for ROI9: /project/simmons_hts/kxu/hest/xenium_data/XeniumR6/slide2/ROI9/patches/ROI9.h5
[INFO] Patch visualization saved: /project/simmons_hts/kxu/hest/xenium_data/XeniumR6/slide2/ROI9/patches_vis/ROI9_patch_vis.png
CBB Profiling started Mon Nov 10 14:11:37 2025
SLURM_JOB_ID		4465255
REQ_CPU_CORES		20
REQ_MEMORY_GB		320.000000
Starting profiling...

                                                                                
                                                                                
                                   CPU (cores)                                  
  20 +----------------------------------------------------------------------+   
     |         +         +         +          +         +         +         |   
  18 |-+                                                                  +-|   
     |                                                                      |   
     |                                                                      |   
  16 |-+                                                                  +-|   
     |                                                                      |   
  14 |-+                                                                  +-|   
     |                                                                      |   
  12 |-+                                                                  +-|   
     |                                                                      |   
  10 |-+                                                                  +-|   
     |                                                                      |   
     |                                                                      |   
   8 |-+                                                                  +-|   
     |                                                                      |   
   6 |-+                                                                  +-|   
     |                                                                      |   
   4 |-+                                                                  +-|   
     |                                                                      |   
     |                                                                      |   
   2 |#+                                                                  +-|   
     |##################################################################    |   
   0 +----------------------------------------------------------------------+   
     0        100       200       300        400       500       600       700  
                               Job profiling step                               
                                                                                

                                                                                
                                                                                
                                    Memory (GB)                                 
  350 +---------------------------------------------------------------------+   
      |         +         +         +         +         +         +         |   
      |******************************************************************   |   
  300 |-+                                                                 +-|   
      |                                                                     |   
      |                                                                     |   
      |                                                                     |   
  250 |-+                                                                 +-|   
      |                                                                     |   
      |                                                                     |   
  200 |-+                                                                 +-|   
      |                                                                     |   
      |                                                                     |   
  150 |-+                                                                 +-|   
      |                                                                     |   
      |                                                                     |   
  100 |-+                                                                 +-|   
      |                                                                     |   
      |                                                                     |   
      |                                                                     |   
   50 |-+                                                                 +-|   
      |                                                                     |   
      |         +         +         +         +         +         +         |   
    0 +---------------------------------------------------------------------+   
      0        100       200       300       400       500       600       700  
                                Job profiling step                              
                                                                                

                                                                                
                                                                                
                                    Data read (GB)                              
  0.00035 +-----------------------------------------------------------------+   
          |        +         +        +         +        +         +   ##   |   
          |                                                         #####   |   
   0.0003 |-+                                                    ####   # +-|   
          |                                                  ####       #   |   
          |                                               ####          #   |   
          |                                             ###             #   |   
  0.00025 |-+                                      ######               # +-|   
          |                                     ####                    #   |   
          |                                  ####                       #   |   
   0.0002 |-+                              ###                          # +-|   
          |                             ####                            #   |   
          |                        ######                               #   |   
  0.00015 |-+                    ###                                    # +-|   
          |                   ####                                      #   |   
          |                ####                                         #   |   
   0.0001 |-+           ####                                            # +-|   
          |           ###                                               #   |   
          |         ###                                                 #   |   
          |       ###                                                   #   |   
    5e-05 |-+  ####                                                     # +-|   
          |  ###                                                        #   |   
          | ##     +         +        +         +        +         +    #   |   
        0 +-----------------------------------------------------------------+   
          0       100       200      300       400      500       600      700  
                                  Job profiling step                            
                                                                                

                                                                                
                                                                                
                                 Data written (GB)                              
    5 +---------------------------------------------------------------------+   
      |         +         +         +         +         +         +   ##    |   
  4.5 |-+                                                          #####  +-|   
      |                                                         ####   #    |   
      |                                                     #####      #    |   
    4 |-+                                                ####          #  +-|   
      |                                               ####             #    |   
  3.5 |-+                                         #####                #  +-|   
      |                                        ####                    #    |   
    3 |-+                                   ####                       #  +-|   
      |                                  ####                          #    |   
  2.5 |-+                             ####                             #  +-|   
      |                          ######                                 #   |   
      |                       ####                                      #   |   
    2 |-+                  ####                                         # +-|   
      |                 ####                                            #   |   
  1.5 |-+            ####                                               # +-|   
      |            ###                                                  #   |   
    1 |-+        ###                                                    # +-|   
      |        ###                                                      #   |   
      |     ####                                                        #   |   
  0.5 |-+####                                                           # +-|   
      | ##      +         +         +         +         +         +     #   |   
    0 +---------------------------------------------------------------------+   
      0        100       200       300       400       500       600       700  
                                Job profiling step                              
                                                                                
