0.0.1
[INFO] Auto-detected 10 sample folders: ['ROI1', 'ROI10', 'ROI2', 'ROI3', 'ROI4', 'ROI5', 'ROI6', 'ROI7', 'ROI8', 'ROI9']
<hest.HESTData.HESTData object at 0x74d89d29a550>
        'pixel_size' is 0.22052503270693188
        'wsi' is <width=17462, height=20619, backend=OpenSlideWSI>
        'shapes': []
[INFO] ROI1: tissue_seg present = True
found 0 valid patches
[INFO] Patches saved for ROI1: /project/simmons_hts/kxu/hest/xenium_data/XeniumPR5/slide1/ROI1/patches/ROI1.h5
[INFO] Patch visualization saved: /project/simmons_hts/kxu/hest/xenium_data/XeniumPR5/slide1/ROI1/patches_vis/ROI1_patch_vis.png
<hest.HESTData.HESTData object at 0x74d89c544110>
        'pixel_size' is 0.22058289431335334
        'wsi' is <width=18916, height=24917, backend=OpenSlideWSI>
        'shapes': []
[INFO] ROI10: tissue_seg present = True
found 0 valid patches
[INFO] Patches saved for ROI10: /project/simmons_hts/kxu/hest/xenium_data/XeniumPR5/slide1/ROI10/patches/ROI10.h5
[INFO] Patch visualization saved: /project/simmons_hts/kxu/hest/xenium_data/XeniumPR5/slide1/ROI10/patches_vis/ROI10_patch_vis.png
<hest.HESTData.HESTData object at 0x74d89c6c6410>
        'pixel_size' is 0.22069321351729967
        'wsi' is <width=14581, height=16304, backend=OpenSlideWSI>
        'shapes': []
[INFO] ROI2: tissue_seg present = True
found 0 valid patches
[INFO] Patches saved for ROI2: /project/simmons_hts/kxu/hest/xenium_data/XeniumPR5/slide1/ROI2/patches/ROI2.h5
[INFO] Patch visualization saved: /project/simmons_hts/kxu/hest/xenium_data/XeniumPR5/slide1/ROI2/patches_vis/ROI2_patch_vis.png
<hest.HESTData.HESTData object at 0x74d89c788450>
        'pixel_size' is 0.2205982129565053
        'wsi' is <width=17466, height=27090, backend=OpenSlideWSI>
        'shapes': []
[INFO] ROI3: tissue_seg present = True
found 0 valid patches
[INFO] Patches saved for ROI3: /project/simmons_hts/kxu/hest/xenium_data/XeniumPR5/slide1/ROI3/patches/ROI3.h5
[INFO] Patch visualization saved: /project/simmons_hts/kxu/hest/xenium_data/XeniumPR5/slide1/ROI3/patches_vis/ROI3_patch_vis.png
<hest.HESTData.HESTData object at 0x74d89c53d690>
        'pixel_size' is 0.2204977089569774
        'wsi' is <width=21761, height=14170, backend=OpenSlideWSI>
        'shapes': []
[INFO] ROI4: tissue_seg present = True
found 0 valid patches
[INFO] Patches saved for ROI4: /project/simmons_hts/kxu/hest/xenium_data/XeniumPR5/slide1/ROI4/patches/ROI4.h5
[INFO] Patch visualization saved: /project/simmons_hts/kxu/hest/xenium_data/XeniumPR5/slide1/ROI4/patches_vis/ROI4_patch_vis.png
<hest.HESTData.HESTData object at 0x74d89c6d7ed0>
        'pixel_size' is 0.22057994167763087
        'wsi' is <width=18916, height=33569, backend=OpenSlideWSI>
        'shapes': []
[INFO] ROI5: tissue_seg present = True
found 0 valid patches
[INFO] Patches saved for ROI5: /project/simmons_hts/kxu/hest/xenium_data/XeniumPR5/slide1/ROI5/patches/ROI5.h5
[INFO] Patch visualization saved: /project/simmons_hts/kxu/hest/xenium_data/XeniumPR5/slide1/ROI5/patches_vis/ROI5_patch_vis.png
<hest.HESTData.HESTData object at 0x74d89c5b81d0>
        'pixel_size' is 0.22050950325608318
        'wsi' is <width=23213, height=18459, backend=OpenSlideWSI>
        'shapes': []
[INFO] ROI6: tissue_seg present = True
found 0 valid patches
[INFO] Patches saved for ROI6: /project/simmons_hts/kxu/hest/xenium_data/XeniumPR5/slide1/ROI6/patches/ROI6.h5
[INFO] Patch visualization saved: /project/simmons_hts/kxu/hest/xenium_data/XeniumPR5/slide1/ROI6/patches_vis/ROI6_patch_vis.png
<hest.HESTData.HESTData object at 0x74d89c8c6910>
        'pixel_size' is 0.2205785300115197
        'wsi' is <width=17449, height=17392, backend=OpenSlideWSI>
        'shapes': []
[INFO] ROI7: tissue_seg present = True
found 0 valid patches
[INFO] Patches saved for ROI7: /project/simmons_hts/kxu/hest/xenium_data/XeniumPR5/slide1/ROI7/patches/ROI7.h5
[INFO] Patch visualization saved: /project/simmons_hts/kxu/hest/xenium_data/XeniumPR5/slide1/ROI7/patches_vis/ROI7_patch_vis.png
<hest.HESTData.HESTData object at 0x74d89c53e050>
        'pixel_size' is 0.22057456085662094
        'wsi' is <width=18914, height=31408, backend=OpenSlideWSI>
        'shapes': []
[INFO] ROI8: tissue_seg present = True
found 0 valid patches
[INFO] Patches saved for ROI8: /project/simmons_hts/kxu/hest/xenium_data/XeniumPR5/slide1/ROI8/patches/ROI8.h5
[INFO] Patch visualization saved: /project/simmons_hts/kxu/hest/xenium_data/XeniumPR5/slide1/ROI8/patches_vis/ROI8_patch_vis.png
<hest.HESTData.HESTData object at 0x74d89c8906d0>
        'pixel_size' is 0.22065341651190287
        'wsi' is <width=21797, height=22784, backend=OpenSlideWSI>
        'shapes': []
[INFO] ROI9: tissue_seg present = True
found 0 valid patches
[INFO] Patches saved for ROI9: /project/simmons_hts/kxu/hest/xenium_data/XeniumPR5/slide1/ROI9/patches/ROI9.h5
[INFO] Patch visualization saved: /project/simmons_hts/kxu/hest/xenium_data/XeniumPR5/slide1/ROI9/patches_vis/ROI9_patch_vis.png
CBB Profiling started Fri Nov 21 16:30:40 2025
SLURM_JOB_ID		4568026
REQ_CPU_CORES		20
REQ_MEMORY_GB		5.000000
Starting profiling...

                                                                                
                                                                                
                                   CPU (cores)                                  
  20 +----------------------------------------------------------------------+   
     |       +       +       +       +      +       +       +       +       |   
  18 |-+                                                                  +-|   
     |                                                                      |   
     |                                                                      |   
  16 |-+                                                                  +-|   
     |                                                                      |   
  14 |-+                                                                  +-|   
     |                                                                      |   
  12 |-+                                                                  +-|   
     |                                                                      |   
  10 |-+                                                                  +-|   
     |                                                                      |   
     |                                                                      |   
   8 |-+                                                                  +-|   
     |                                                                      |   
   6 |-+                                                                  +-|   
     |                                                                      |   
   4 |-+                                                                  +-|   
     |                                                                      |   
     |                                                                      |   
   2 |-+                                                                  +-|   
     |#################################################################     |   
   0 +----------------------------------------------------------------------+   
     0       20      40      60      80    100     120     140     160     180  
                               Job profiling step                               
                                                                                

                                                                                
                                                                                
                                    Memory (GB)                                 
    5 +---------------------------------------------------------------------+   
      |       +       +      +       +       +       +      +       +       |   
  4.5 |-+                                                                 +-|   
      |                                                                     |   
      |                                                                     |   
    4 |-+                                                                 +-|   
      |                                                                     |   
  3.5 |-+                                                                 +-|   
      |                                                                     |   
    3 |-+                                                                 +-|   
      |                                                                     |   
  2.5 |-+                                                                 +-|   
      |                                                                     |   
      |                                                                     |   
    2 |-+                                                                 +-|   
      |                                                                     |   
  1.5 |-+                                                                 +-|   
      |                                                                     |   
    1 |-+                                     ###################         +-|   
      |             ###########################                 ########    |   
      |       #######                                                       |   
  0.5 |-+     #                                                           +-|   
      | #######       +      +       +       +       +      +       +       |   
    0 +---------------------------------------------------------------------+   
      0       20      40     60      80     100     120    140     160     180  
                                Job profiling step                              
                                                                                

                                                                                
                                                                                
                                   Data read (GB)                               
  7e-05 +-------------------------------------------------------------------+   
        |       +      +       +      +       +      +       +      #       |   
        |                                                          ##       |   
  6e-05 |-+                                                     ###       +-|   
        |                                                     ##            |   
        |                                                  ###              |   
        |                                                  #                |   
  5e-05 |-+                                            #####              +-|   
        |                                           ###                     |   
        |                                         ##                        |   
  4e-05 |-+                                  #####                        +-|   
        |                                    #                              |   
        |                                 ###                               |   
  3e-05 |-+                            ####                               +-|   
        |                            ###                                    |   
        |                         ####                                      |   
  2e-05 |-+                       #                                       +-|   
        |                       ##                                          |   
        |                    ###                                            |   
        |                  ##                                               |   
  1e-05 |-+             ###                                               +-|   
        |               #                                                   |   
        |       +  #####       +      +       +      +       +      +       |   
      0 +-------------------------------------------------------------------+   
        0       20     40      60     80     100    120     140    160     180  
                                 Job profiling step                             
                                                                                

                                                                                
                                                                                
                                 Data written (GB)                              
  0.9 +---------------------------------------------------------------------+   
      |       +       +      +       +       +       +      +       +###    |   
      |                                                            ###      |   
  0.8 |-+                                                         ##      +-|   
      |                                                       #####         |   
  0.7 |-+                                                    ##           +-|   
      |                                                     #               |   
      |                                                #####                |   
  0.6 |-+                                             ##                  +-|   
      |                                            ###                      |   
  0.5 |-+                                        ##                       +-|   
      |                                      #####                          |   
      |                                    ##                               |   
  0.4 |-+                                ##                               +-|   
      |                               ####                                  |   
  0.3 |-+                           ##                                    +-|   
      |                         ####                                        |   
      |                        ##                                           |   
  0.2 |-+                   ####                                          +-|   
      |                  ###                                                |   
  0.1 |-+               ##                                                +-|   
      |             ####                                                    |   
      |       +   ##  +      +       +       +       +      +       +       |   
    0 +---------------------------------------------------------------------+   
      0       20      40     60      80     100     120    140     160     180  
                                Job profiling step                              
                                                                                
