0.0.1
🚀 Running segmentation for: /project/simmons_hts/kxu/hest/xenium_data/XeniumPR5/slide1
[INFO] Auto-detected 10 samples from /project/simmons_hts/kxu/hest/xenium_data/XeniumPR5/slide1: ['ROI8', 'ROI4', 'ROI1', 'ROI9', 'ROI2', 'ROI10', 'ROI5', 'ROI6', 'ROI7', 'ROI3']
<hest.HESTData.HESTData object at 0x7579c747dd10>
        'pixel_size' is 0.22057456085662094
        'wsi' is <width=18914, height=31408, backend=OpenSlideWSI>
        'shapes': []
[INFO] Segmentation complete for ROI8 → /project/simmons_hts/kxu/hest/xenium_data/XeniumPR5/slide1/ROI8/tissue_seg
<hest.HESTData.HESTData object at 0x7579b40535d0>
        'pixel_size' is 0.2204977089569774
        'wsi' is <width=21761, height=14170, backend=OpenSlideWSI>
        'shapes': []
[INFO] Segmentation complete for ROI4 → /project/simmons_hts/kxu/hest/xenium_data/XeniumPR5/slide1/ROI4/tissue_seg
<hest.HESTData.HESTData object at 0x7579c7490810>
        'pixel_size' is 0.22052503270693188
        'wsi' is <width=17462, height=20619, backend=OpenSlideWSI>
        'shapes': []
[INFO] Segmentation complete for ROI1 → /project/simmons_hts/kxu/hest/xenium_data/XeniumPR5/slide1/ROI1/tissue_seg
<hest.HESTData.HESTData object at 0x7579b40d3150>
        'pixel_size' is 0.22065341651190287
        'wsi' is <width=21797, height=22784, backend=OpenSlideWSI>
        'shapes': []
[INFO] Segmentation complete for ROI9 → /project/simmons_hts/kxu/hest/xenium_data/XeniumPR5/slide1/ROI9/tissue_seg
<hest.HESTData.HESTData object at 0x7579b4050810>
        'pixel_size' is 0.22069321351729967
        'wsi' is <width=14581, height=16304, backend=OpenSlideWSI>
        'shapes': []
[INFO] Segmentation complete for ROI2 → /project/simmons_hts/kxu/hest/xenium_data/XeniumPR5/slide1/ROI2/tissue_seg
<hest.HESTData.HESTData object at 0x757b584d90d0>
        'pixel_size' is 0.22058289431335334
        'wsi' is <width=18916, height=24917, backend=OpenSlideWSI>
        'shapes': []
[INFO] Segmentation complete for ROI10 → /project/simmons_hts/kxu/hest/xenium_data/XeniumPR5/slide1/ROI10/tissue_seg
<hest.HESTData.HESTData object at 0x7579b40724d0>
        'pixel_size' is 0.22057994167763087
        'wsi' is <width=18916, height=33569, backend=OpenSlideWSI>
        'shapes': []
[INFO] Segmentation complete for ROI5 → /project/simmons_hts/kxu/hest/xenium_data/XeniumPR5/slide1/ROI5/tissue_seg
<hest.HESTData.HESTData object at 0x7579b9238810>
        'pixel_size' is 0.22050950325608318
        'wsi' is <width=23213, height=18459, backend=OpenSlideWSI>
        'shapes': []
[INFO] Segmentation complete for ROI6 → /project/simmons_hts/kxu/hest/xenium_data/XeniumPR5/slide1/ROI6/tissue_seg
<hest.HESTData.HESTData object at 0x7579e4779090>
        'pixel_size' is 0.2205785300115197
        'wsi' is <width=17449, height=17392, backend=OpenSlideWSI>
        'shapes': []
[INFO] Segmentation complete for ROI7 → /project/simmons_hts/kxu/hest/xenium_data/XeniumPR5/slide1/ROI7/tissue_seg
<hest.HESTData.HESTData object at 0x757b58049090>
        'pixel_size' is 0.2205982129565053
        'wsi' is <width=17466, height=27090, backend=OpenSlideWSI>
        'shapes': []
[INFO] Segmentation complete for ROI3 → /project/simmons_hts/kxu/hest/xenium_data/XeniumPR5/slide1/ROI3/tissue_seg
🚀 Running segmentation for: /project/simmons_hts/kxu/hest/xenium_data/XeniumPR5/slide2
[INFO] Auto-detected 11 samples from /project/simmons_hts/kxu/hest/xenium_data/XeniumPR5/slide2: ['ROI8', 'ROI4', 'ROI1', 'ROI11', 'ROI9', 'ROI2', 'ROI10', 'ROI5', 'ROI6', 'ROI7', 'ROI3']
<hest.HESTData.HESTData object at 0x7579c7454090>
        'pixel_size' is 0.22056758506588567
        'wsi' is <width=17454, height=16323, backend=OpenSlideWSI>
        'shapes': []
[INFO] Segmentation complete for ROI8 → /project/simmons_hts/kxu/hest/xenium_data/XeniumPR5/slide2/ROI8/tissue_seg
<hest.HESTData.HESTData object at 0x7579b4063150>
        'pixel_size' is 0.22057356677418175
        'wsi' is <width=18891, height=21710, backend=OpenSlideWSI>
        'shapes': []
[INFO] Segmentation complete for ROI4 → /project/simmons_hts/kxu/hest/xenium_data/XeniumPR5/slide2/ROI4/tissue_seg
<hest.HESTData.HESTData object at 0x757b584b8390>
        'pixel_size' is 0.2205372074162593
        'wsi' is <width=20345, height=21723, backend=OpenSlideWSI>
        'shapes': []
[INFO] Segmentation complete for ROI1 → /project/simmons_hts/kxu/hest/xenium_data/XeniumPR5/slide2/ROI1/tissue_seg
<hest.HESTData.HESTData object at 0x7579b4047050>
        'pixel_size' is 0.22053646959874837
        'wsi' is <width=18898, height=20632, backend=OpenSlideWSI>
        'shapes': []
[INFO] Segmentation complete for ROI11 → /project/simmons_hts/kxu/hest/xenium_data/XeniumPR5/slide2/ROI11/tissue_seg
<hest.HESTData.HESTData object at 0x757b5803be90>
        'pixel_size' is 0.22054439491289474
        'wsi' is <width=18880, height=16322, backend=OpenSlideWSI>
        'shapes': []
[INFO] Segmentation complete for ROI9 → /project/simmons_hts/kxu/hest/xenium_data/XeniumPR5/slide2/ROI9/tissue_seg
<hest.HESTData.HESTData object at 0x7579b40d3e90>
        'pixel_size' is 0.22038213019098557
        'wsi' is <width=20326, height=21705, backend=OpenSlideWSI>
        'shapes': []
[INFO] Segmentation complete for ROI2 → /project/simmons_hts/kxu/hest/xenium_data/XeniumPR5/slide2/ROI2/tissue_seg
<hest.HESTData.HESTData object at 0x7579b9228e50>
        'pixel_size' is 0.22060985073893113
        'wsi' is <width=20334, height=18478, backend=OpenSlideWSI>
        'shapes': []
[INFO] Segmentation complete for ROI10 → /project/simmons_hts/kxu/hest/xenium_data/XeniumPR5/slide2/ROI10/tissue_seg
<hest.HESTData.HESTData object at 0x7579b40d3e90>
        'pixel_size' is 0.22067871787120538
        'wsi' is <width=23222, height=32499, backend=OpenSlideWSI>
        'shapes': []
[INFO] Segmentation complete for ROI5 → /project/simmons_hts/kxu/hest/xenium_data/XeniumPR5/slide2/ROI5/tissue_seg
<hest.HESTData.HESTData object at 0x757b58023e90>
        'pixel_size' is 0.22043273532082233
        'wsi' is <width=21766, height=16304, backend=OpenSlideWSI>
        'shapes': []
[INFO] Segmentation complete for ROI6 → /project/simmons_hts/kxu/hest/xenium_data/XeniumPR5/slide2/ROI6/tissue_seg
<hest.HESTData.HESTData object at 0x757b58038810>
        'pixel_size' is 0.22062145638032402
        'wsi' is <width=18889, height=20617, backend=OpenSlideWSI>
        'shapes': []
[INFO] Segmentation complete for ROI7 → /project/simmons_hts/kxu/hest/xenium_data/XeniumPR5/slide2/ROI7/tissue_seg
<hest.HESTData.HESTData object at 0x7579b94c7b50>
        'pixel_size' is 0.2206399482080923
        'wsi' is <width=18877, height=19571, backend=OpenSlideWSI>
        'shapes': []
[INFO] Segmentation complete for ROI3 → /project/simmons_hts/kxu/hest/xenium_data/XeniumPR5/slide2/ROI3/tissue_seg
CBB Profiling started Fri Nov 21 15:51:50 2025
SLURM_JOB_ID		4566419
REQ_CPU_CORES		10
REQ_MEMORY_GB		5.000000
Starting profiling...

                                                                                
                                                                                
                                   CPU (cores)                                  
  10 +----------------------------------------------------------------------+   
     |       +       +       +       +      +       +       +       +       |   
     |                                                                      |   
     |                                                                      |   
     |                                                                      |   
   8 |-+              #                         #                         +-|   
     |              # #                         #      #                    |   
     |           ## # #          #            # ## #   #     #              |   
     |           ## # #       #  ##    #      # #### ###   ###    #         |   
   6 |-+         ## # #  ##  ##  ##    #   #### #### ###   ###    ####    +-|   
     |          ### # #  ##  ## # # ####   #### ########   ###    ####      |   
     |          # # # #  ### ## # # ####   #### ########   # #  # ####      |   
     |          # # # # # ## ## # # ####   #### ########   # # ### ###      |   
     |          # ### # # ## ## # # ####   ##### ####### # # # ### ###      |   
   4 |-+        # ### ### ## ## # ## ### # ##### ###### ## # # ### ###    +-|   
     |          # ## # ## ## # #  ## ### # ##### ###### ## #  #### # #      |   
     |          # ## # ## ## # #  ## ### ## #### ## ### ## #  #### # #      |   
     |          # ## # ## #### #  ## #### # # ## ## ### ## #  ## # # #      |   
   2 |-+        # ## # ## #### #  ## #### # # ## ## ### # ##  ## # # #    +-|   
     |          # ## # ## # #  #  ## # ## # # ## ## ### # #   ## # # #      |   
     |         #  ## # ## # #  #  ## # ## # # ## ## ### # #   ## # # #      |   
     |####     #  ## # ## # #  #  ## # ## # # ## #  ### # #   ## # # #      |   
     |   #######  ## # #  #  +       +      +       +       +       +       |   
   0 +----------------------------------------------------------------------+   
     0       20      40      60      80    100     120     140     160     180  
                               Job profiling step                               
                                                                                

                                                                                
                                                                                
                                   Memory (GB)                                  
  14 +----------------------------------------------------------------------+   
     |       +       +       +       +      +       +       +       +       |   
     |                       ##                 #        # ### #######      |   
  12 |-+            ### #### ######      ################# # # ### ###    +-|   
     |             #### # ## ###  ####### # # ## ######### # # ### # #      |   
     |             #### # ## ###  ## #### # # ## ######### # # ### # #      |   
     |             #### # ## ###  ## #### # # ## ######### # # ### # #      |   
  10 |-+         ###### # ### ##  ## #### # # ## ######### # # ### # #    +-|   
     |          # ##### # ### ##  ## #### # # ## ######### # # ### # #      |   
     |          # ##### # ### ##  ## #### # # ## ######### # # ### # #      |   
   8 |-+        # ##### # ### ##  ## #### # # ## ######### # # ### # #    +-|   
     |          # ##### # ###  #  ## #### # # ## ######## ##  ## # # #      |   
     |          # ## # #  # #  #  ## #### # # ## #  ### # #   ## # # #      |   
   6 |-+        # ## # #  # #  #  ## # ## # # ## #  ### # #   ## # # #    +-|   
     |          # ## # #  # #  #  ## # ## # # ## #  ### # #   ## # # #      |   
     |**********#*##*#*#**#*#**#**##*#*##*#*#*##*#**###*#*#***##*#***#      |   
   4 |-+       #  ## # #  # #  #  ## # #  # # ## #  ### # #   ## #   #    +-|   
     |         #  ## # #  # #  #  ## # #  # # ## #  ### # #   ## #   #      |   
     |         #  ## # #  # #  #  ## # #  # # ## #  ### # #   ## #   #      |   
     |         #  ## # #  # #  #  ## # #  # # ## #  ### # #   #  #   #      |   
   2 |-+       #  ## # #  # #  #  ## # #  # # ## #  ### # #   #  #   #    +-|   
     |       ###  ##                                                        |   
     | #######       +       +       +      +       +       +       +       |   
   0 +----------------------------------------------------------------------+   
     0       20      40      60      80    100     120     140     160     180  
                               Job profiling step                               
                                                                                

                                                                                
                                                                                
                                  Data read (GB)                                
    1 +---------------------------------------------------------------------+   
      |       +       +      +       +       +       +      +       +       |   
      |                                                                     |   
      |                                                                     |   
      |                                                                     |   
      |                                                                     |   
  0.5 |-+                                                                 +-|   
      |                                                                     |   
      |                                                                     |   
      |                                                                     |   
      |                                                                     |   
    0 |###############################################################    +-|   
      |                                                                     |   
      |                                                                     |   
      |                                                                     |   
      |                                                                     |   
      |                                                                     |   
 -0.5 |-+                                                                 +-|   
      |                                                                     |   
      |                                                                     |   
      |                                                                     |   
      |                                                                     |   
      |       +       +      +       +       +       +      +       +       |   
   -1 +---------------------------------------------------------------------+   
      0       20      40     60      80     100     120    140     160     180  
                                Job profiling step                              
                                                                                

                                                                                
                                                                                
                                  Data written (GB)                             
  0.045 +-------------------------------------------------------------------+   
        |       +      +       +      +       +      +       +      +       |   
        |                                                            ##     |   
   0.04 |-+                                                        ###    +-|   
        |                                                        ###        |   
  0.035 |-+                                                      #        +-|   
        |                                                      ###          |   
        |                                                  ####             |   
   0.03 |-+                                           ######              +-|   
        |                                            ##                     |   
  0.025 |-+                                       ###                     +-|   
        |                                       ###                         |   
        |                                    ####                           |   
   0.02 |-+                                 ##                            +-|   
        |                                ###                                |   
  0.015 |-+                            ##                                 +-|   
        |                              #                                    |   
        |                        #######                                    |   
   0.01 |-+                   ###                                         +-|   
        |                   ###                                             |   
  0.005 |-+              ####                                             +-|   
        |              ###                                                  |   
        |       +    ###       +      +       +      +       +      +       |   
      0 +-------------------------------------------------------------------+   
        0       20     40      60     80     100    120     140    160     180  
                                 Job profiling step                             
                                                                                
