0.0.1
Processing /project/simmons_hts/kxu/hest/visium_data/VisiumR1/slide1...
[INFO] Auto-detected 4 sample folders: ['ROI1', 'ROI2', 'ROI3', 'ROI4']
[ERROR] Missing required file(s) for ROI1: Missing /project/simmons_hts/kxu/hest/visium_data/VisiumR1/slide1/ROI1/aligned_cells.h5ad
[ERROR] Missing required file(s) for ROI2: Missing /project/simmons_hts/kxu/hest/visium_data/VisiumR1/slide1/ROI2/aligned_cells.h5ad
[ERROR] Missing required file(s) for ROI3: Missing /project/simmons_hts/kxu/hest/visium_data/VisiumR1/slide1/ROI3/aligned_cells.h5ad
[ERROR] Missing required file(s) for ROI4: Missing /project/simmons_hts/kxu/hest/visium_data/VisiumR1/slide1/ROI4/aligned_cells.h5ad
Skipping /project/simmons_hts/kxu/hest/visium_data/VisiumR1/slide2 (not found)
Processing /project/simmons_hts/kxu/hest/visium_data/VisiumR2/slide1...
[INFO] Auto-detected 4 sample folders: ['ROI1', 'ROI2', 'ROI3', 'ROI4']
[ERROR] Missing required file(s) for ROI1: Missing /project/simmons_hts/kxu/hest/visium_data/VisiumR2/slide1/ROI1/aligned_cells.h5ad
[ERROR] Missing required file(s) for ROI2: Missing /project/simmons_hts/kxu/hest/visium_data/VisiumR2/slide1/ROI2/aligned_cells.h5ad
[ERROR] Missing required file(s) for ROI3: Missing /project/simmons_hts/kxu/hest/visium_data/VisiumR2/slide1/ROI3/aligned_cells.h5ad
[ERROR] Missing required file(s) for ROI4: Missing /project/simmons_hts/kxu/hest/visium_data/VisiumR2/slide1/ROI4/aligned_cells.h5ad
Processing /project/simmons_hts/kxu/hest/visium_data/VisiumR2/slide2...
[INFO] Auto-detected 4 sample folders: ['ROI1', 'ROI2', 'ROI3', 'ROI4']
[ERROR] Missing required file(s) for ROI1: Missing /project/simmons_hts/kxu/hest/visium_data/VisiumR2/slide2/ROI1/aligned_cells.h5ad
[ERROR] Missing required file(s) for ROI2: Missing /project/simmons_hts/kxu/hest/visium_data/VisiumR2/slide2/ROI2/aligned_cells.h5ad
[ERROR] Missing required file(s) for ROI3: Missing /project/simmons_hts/kxu/hest/visium_data/VisiumR2/slide2/ROI3/aligned_cells.h5ad
[ERROR] Missing required file(s) for ROI4: Missing /project/simmons_hts/kxu/hest/visium_data/VisiumR2/slide2/ROI4/aligned_cells.h5ad
Processing /project/simmons_hts/kxu/hest/visium_data/VisiumR3/slide1...
[INFO] Auto-detected 4 sample folders: ['ROI1', 'ROI2', 'ROI3', 'ROI4']
[ERROR] Missing required file(s) for ROI1: Missing /project/simmons_hts/kxu/hest/visium_data/VisiumR3/slide1/ROI1/aligned_cells.h5ad
[ERROR] Missing required file(s) for ROI2: Missing /project/simmons_hts/kxu/hest/visium_data/VisiumR3/slide1/ROI2/aligned_cells.h5ad
[ERROR] Missing required file(s) for ROI3: Missing /project/simmons_hts/kxu/hest/visium_data/VisiumR3/slide1/ROI3/aligned_cells.h5ad
[ERROR] Missing required file(s) for ROI4: Missing /project/simmons_hts/kxu/hest/visium_data/VisiumR3/slide1/ROI4/aligned_cells.h5ad
Skipping /project/simmons_hts/kxu/hest/visium_data/VisiumR3/slide2 (not found)
Processing /project/simmons_hts/kxu/hest/visium_data/VisiumR4/slide1...
[INFO] Auto-detected 4 sample folders: ['ROI1', 'ROI2', 'ROI3', 'ROI4']
[ERROR] Missing required file(s) for ROI1: Missing /project/simmons_hts/kxu/hest/visium_data/VisiumR4/slide1/ROI1/aligned_cells.h5ad
[ERROR] Missing required file(s) for ROI2: Missing /project/simmons_hts/kxu/hest/visium_data/VisiumR4/slide1/ROI2/aligned_cells.h5ad
[ERROR] Missing required file(s) for ROI3: Missing /project/simmons_hts/kxu/hest/visium_data/VisiumR4/slide1/ROI3/aligned_cells.h5ad
[ERROR] Missing required file(s) for ROI4: Missing /project/simmons_hts/kxu/hest/visium_data/VisiumR4/slide1/ROI4/aligned_cells.h5ad
Skipping /project/simmons_hts/kxu/hest/visium_data/VisiumR4/slide2 (not found)
Processing /project/simmons_hts/kxu/hest/visium_data/VisiumR5/slide1...
[INFO] Auto-detected 4 sample folders: ['ROI1', 'ROI2', 'ROI3', 'ROI4']
[ERROR] Missing required file(s) for ROI1: Missing /project/simmons_hts/kxu/hest/visium_data/VisiumR5/slide1/ROI1/aligned_cells.h5ad
[ERROR] Missing required file(s) for ROI2: Missing /project/simmons_hts/kxu/hest/visium_data/VisiumR5/slide1/ROI2/aligned_cells.h5ad
[ERROR] Missing required file(s) for ROI3: Missing /project/simmons_hts/kxu/hest/visium_data/VisiumR5/slide1/ROI3/aligned_cells.h5ad
[ERROR] Missing required file(s) for ROI4: Missing /project/simmons_hts/kxu/hest/visium_data/VisiumR5/slide1/ROI4/aligned_cells.h5ad
Processing /project/simmons_hts/kxu/hest/visium_data/VisiumR5/slide2...
[INFO] Auto-detected 3 sample folders: ['ROI1', 'ROI2', 'ROI3']
[ERROR] Missing required file(s) for ROI1: Missing /project/simmons_hts/kxu/hest/visium_data/VisiumR5/slide2/ROI1/aligned_cells.h5ad
[ERROR] Missing required file(s) for ROI2: Missing /project/simmons_hts/kxu/hest/visium_data/VisiumR5/slide2/ROI2/aligned_cells.h5ad
[ERROR] Missing required file(s) for ROI3: Missing /project/simmons_hts/kxu/hest/visium_data/VisiumR5/slide2/ROI3/aligned_cells.h5ad
Processing /project/simmons_hts/kxu/hest/visium_data/VisiumR6/slide1...
[INFO] Auto-detected 4 sample folders: ['ROI1', 'ROI2', 'ROI3', 'ROI4']
[ERROR] Missing required file(s) for ROI1: Missing /project/simmons_hts/kxu/hest/visium_data/VisiumR6/slide1/ROI1/aligned_cells.h5ad
[ERROR] Missing required file(s) for ROI2: Missing /project/simmons_hts/kxu/hest/visium_data/VisiumR6/slide1/ROI2/aligned_cells.h5ad
[ERROR] Missing required file(s) for ROI3: Missing /project/simmons_hts/kxu/hest/visium_data/VisiumR6/slide1/ROI3/aligned_cells.h5ad
[ERROR] Missing required file(s) for ROI4: Missing /project/simmons_hts/kxu/hest/visium_data/VisiumR6/slide1/ROI4/aligned_cells.h5ad
Processing /project/simmons_hts/kxu/hest/visium_data/VisiumR6/slide2...
[INFO] Auto-detected 4 sample folders: ['ROI1', 'ROI2', 'ROI3', 'ROI4']
[ERROR] Missing required file(s) for ROI1: Missing /project/simmons_hts/kxu/hest/visium_data/VisiumR6/slide2/ROI1/aligned_cells.h5ad
[ERROR] Missing required file(s) for ROI2: Missing /project/simmons_hts/kxu/hest/visium_data/VisiumR6/slide2/ROI2/aligned_cells.h5ad
[ERROR] Missing required file(s) for ROI3: Missing /project/simmons_hts/kxu/hest/visium_data/VisiumR6/slide2/ROI3/aligned_cells.h5ad
[ERROR] Missing required file(s) for ROI4: Missing /project/simmons_hts/kxu/hest/visium_data/VisiumR6/slide2/ROI4/aligned_cells.h5ad
CBB Profiling started Tue Dec  2 17:54:34 2025
SLURM_JOB_ID		4613690
REQ_CPU_CORES		10
REQ_MEMORY_GB		5.000000
Starting profiling...

                                                                                
                                                                                
                                   CPU (cores)                                  
  10 +----------------------------------------------------------------------+   
     |             +             +              +             +             |   
   9 |-+                                                                  +-|   
     |                                                                      |   
     |                                                                      |   
   8 |-+                                                                  +-|   
     |                                                                      |   
   7 |-+                                                                  +-|   
     |                                                                      |   
   6 |-+                                                                  +-|   
     |                                                                      |   
   5 |-+                                                                  +-|   
     |                                                                      |   
     |                                                                      |   
   4 |-+                                                                  +-|   
     |                                                                      |   
   3 |-+                                                                  +-|   
     |                                                                      |   
   2 |-+           ######################                                 +-|   
     |                                   ##############                     |   
     |                                                 ##########           |   
   1 |-+                                                         ####     +-|   
     |             +             +              +             +      #####  |   
   0 +----------------------------------------------------------------------+   
     0             1             2              3             4             5   
                               Job profiling step                               
                                                                                

                                                                                
                                                                                
                                    Memory (GB)                                 
    5 +---------------------------------------------------------------------+   
      |             +             +             +             +             |   
  4.5 |-+                                                                 +-|   
      |                                                                     |   
      |                                                                     |   
    4 |-+                                                                 +-|   
      |                                                                     |   
  3.5 |-+                                                                 +-|   
      |                                                                     |   
    3 |-+                                                                 +-|   
      |                                                                     |   
  2.5 |-+                                                                 +-|   
      |                                                                     |   
      |                                                                     |   
    2 |-+                                                                 +-|   
      |                                                                     |   
  1.5 |-+                                                                 +-|   
      |                                                                     |   
    1 |-+                                                                 +-|   
      |                                                                     |   
      |                                                                     |   
  0.5 |-+                                                                 +-|   
      |      ########################################################       |   
    0 +---------------------------------------------------------------------+   
      0             1             2             3             4             5   
                                Job profiling step                              
                                                                                

                                                                                
                                                                                
                                  Data read (GB)                                
    1 +---------------------------------------------------------------------+   
      |             +             +             +             +             |   
      |                                                                     |   
      |                                                                     |   
      |                                                                     |   
      |                                                                     |   
  0.5 |-+                                                                 +-|   
      |                                                                     |   
      |                                                                     |   
      |                                                                     |   
      |                                                                     |   
    0 |#####################################################################|   
      |                                                                     |   
      |                                                                     |   
      |                                                                     |   
      |                                                                     |   
      |                                                                     |   
 -0.5 |-+                                                                 +-|   
      |                                                                     |   
      |                                                                     |   
      |                                                                     |   
      |                                                                     |   
      |             +             +             +             +             |   
   -1 +---------------------------------------------------------------------+   
      0             1             2             3             4             5   
                                Job profiling step                              
                                                                                

                                                                                
                                                                                
                                  Data written (GB)                             
  7e-05 +-------------------------------------------------------------------+   
        |             +            +             +            +             |   
        |                                                                   |   
  6e-05 |-+                                                  ###          +-|   
        |                                                  ##   ###         |   
        |                                               ###        ##       |   
        |                                            ###             ###    |   
  5e-05 |-+                                        ##                   ###-|   
        |                         #################                        #|   
        |                       ##                                          |   
  4e-05 |-+                  ###                                          +-|   
        |                 ###                                               |   
        |               ##                                                  |   
  3e-05 |-+           ##                                                  +-|   
        |           ##                                                      |   
        |          #                                                        |   
  2e-05 |-+       #                                                       +-|   
        |       ##                                                          |   
        |      #                                                            |   
        |    ##                                                             |   
  1e-05 |-+ #                                                             +-|   
        |  #                                                                |   
        |##           +            +             +            +             |   
      0 +-------------------------------------------------------------------+   
        0             1            2             3            4             5   
                                 Job profiling step                             
                                                                                
