0.0.1
Processing /project/simmons_hts/kxu/hest/visium_data/VisiumR1/slide1...
[INFO] Auto-detected 4 sample folders: ['ROI1', 'ROI2', 'ROI3', 'ROI4']
<hest.HESTData.HESTData object at 0x7b741a2f3590>
        'pixel_size' is 0.8810230741533039
        'wsi' is <width=9511, height=9218, backend=OpenSlideWSI>
        'shapes': []
[INFO] ROI1: tissue_seg present = True
found 0 valid patches
[INFO] Patches saved for ROI1: /project/simmons_hts/kxu/hest/visium_data/VisiumR1/slide1/ROI1/patches/ROI1.h5
[INFO] Patch visualization saved: /project/simmons_hts/kxu/hest/visium_data/VisiumR1/slide1/ROI1/patches_vis/ROI1_patch_vis.png
<hest.HESTData.HESTData object at 0x7b7400420490>
        'pixel_size' is 0.8802694121183509
        'wsi' is <width=9782, height=8948, backend=OpenSlideWSI>
        'shapes': []
[INFO] ROI2: tissue_seg present = True
found 0 valid patches
[INFO] Patches saved for ROI2: /project/simmons_hts/kxu/hest/visium_data/VisiumR1/slide1/ROI2/patches/ROI2.h5
[INFO] Patch visualization saved: /project/simmons_hts/kxu/hest/visium_data/VisiumR1/slide1/ROI2/patches_vis/ROI2_patch_vis.png
<hest.HESTData.HESTData object at 0x7b7400047790>
        'pixel_size' is 0.8791017707282943
        'wsi' is <width=9470, height=8950, backend=OpenSlideWSI>
        'shapes': []
[INFO] ROI3: tissue_seg present = True
found 0 valid patches
[INFO] Patches saved for ROI3: /project/simmons_hts/kxu/hest/visium_data/VisiumR1/slide1/ROI3/patches/ROI3.h5
[INFO] Patch visualization saved: /project/simmons_hts/kxu/hest/visium_data/VisiumR1/slide1/ROI3/patches_vis/ROI3_patch_vis.png
<hest.HESTData.HESTData object at 0x7b7414b7f710>
        'pixel_size' is 0.879899488896232
        'wsi' is <width=9457, height=9234, backend=OpenSlideWSI>
        'shapes': []
[INFO] ROI4: tissue_seg present = True
found 0 valid patches
[INFO] Patches saved for ROI4: /project/simmons_hts/kxu/hest/visium_data/VisiumR1/slide1/ROI4/patches/ROI4.h5
[INFO] Patch visualization saved: /project/simmons_hts/kxu/hest/visium_data/VisiumR1/slide1/ROI4/patches_vis/ROI4_patch_vis.png
Skipping /project/simmons_hts/kxu/hest/visium_data/VisiumR1/slide2 (not found)
Processing /project/simmons_hts/kxu/hest/visium_data/VisiumR2/slide1...
[INFO] Auto-detected 4 sample folders: ['ROI1', 'ROI2', 'ROI3', 'ROI4']
<hest.HESTData.HESTData object at 0x7b74003d1210>
        'pixel_size' is 0.4426834746118445
        'wsi' is <width=20351, height=18498, backend=OpenSlideWSI>
        'shapes': []
[INFO] ROI1: tissue_seg present = True
found 0 valid patches
[INFO] Patches saved for ROI1: /project/simmons_hts/kxu/hest/visium_data/VisiumR2/slide1/ROI1/patches/ROI1.h5
[INFO] Patch visualization saved: /project/simmons_hts/kxu/hest/visium_data/VisiumR2/slide1/ROI1/patches_vis/ROI1_patch_vis.png
<hest.HESTData.HESTData object at 0x7b74159668d0>
        'pixel_size' is 0.43877167028347397
        'wsi' is <width=20337, height=18496, backend=OpenSlideWSI>
        'shapes': []
[INFO] ROI2: tissue_seg present = True
found 0 valid patches
[INFO] Patches saved for ROI2: /project/simmons_hts/kxu/hest/visium_data/VisiumR2/slide1/ROI2/patches/ROI2.h5
[INFO] Patch visualization saved: /project/simmons_hts/kxu/hest/visium_data/VisiumR2/slide1/ROI2/patches_vis/ROI2_patch_vis.png
<hest.HESTData.HESTData object at 0x7b7414eb5390>
        'pixel_size' is 0.4410598367253281
        'wsi' is <width=18496, height=20339, backend=OpenSlideWSI>
        'shapes': []
[INFO] ROI3: tissue_seg present = True
found 0 valid patches
[INFO] Patches saved for ROI3: /project/simmons_hts/kxu/hest/visium_data/VisiumR2/slide1/ROI3/patches/ROI3.h5
[INFO] Patch visualization saved: /project/simmons_hts/kxu/hest/visium_data/VisiumR2/slide1/ROI3/patches_vis/ROI3_patch_vis.png
<hest.HESTData.HESTData object at 0x7b7414a2aed0>
        'pixel_size' is 0.4398037158528228
        'wsi' is <width=20339, height=18496, backend=OpenSlideWSI>
        'shapes': []
[INFO] ROI4: tissue_seg present = True
found 0 valid patches
[INFO] Patches saved for ROI4: /project/simmons_hts/kxu/hest/visium_data/VisiumR2/slide1/ROI4/patches/ROI4.h5
[INFO] Patch visualization saved: /project/simmons_hts/kxu/hest/visium_data/VisiumR2/slide1/ROI4/patches_vis/ROI4_patch_vis.png
Processing /project/simmons_hts/kxu/hest/visium_data/VisiumR2/slide2...
[INFO] Auto-detected 4 sample folders: ['ROI1', 'ROI2', 'ROI3', 'ROI4']
<hest.HESTData.HESTData object at 0x7b7415228ed0>
        'pixel_size' is 0.4426559356136821
        'wsi' is <width=20346, height=18503, backend=OpenSlideWSI>
        'shapes': []
[INFO] ROI1: tissue_seg present = True
found 0 valid patches
[INFO] Patches saved for ROI1: /project/simmons_hts/kxu/hest/visium_data/VisiumR2/slide2/ROI1/patches/ROI1.h5
[INFO] Patch visualization saved: /project/simmons_hts/kxu/hest/visium_data/VisiumR2/slide2/ROI1/patches_vis/ROI1_patch_vis.png
<hest.HESTData.HESTData object at 0x7b7419839750>
        'pixel_size' is 0.44272273734845113
        'wsi' is <width=18899, height=18496, backend=OpenSlideWSI>
        'shapes': []
[INFO] ROI2: tissue_seg present = True
found 0 valid patches
[INFO] Patches saved for ROI2: /project/simmons_hts/kxu/hest/visium_data/VisiumR2/slide2/ROI2/patches/ROI2.h5
[INFO] Patch visualization saved: /project/simmons_hts/kxu/hest/visium_data/VisiumR2/slide2/ROI2/patches_vis/ROI2_patch_vis.png
<hest.HESTData.HESTData object at 0x7b740049eed0>
        'pixel_size' is 0.4427083183217939
        'wsi' is <width=20354, height=18496, backend=OpenSlideWSI>
        'shapes': []
[INFO] ROI3: tissue_seg present = True
found 0 valid patches
[INFO] Patches saved for ROI3: /project/simmons_hts/kxu/hest/visium_data/VisiumR2/slide2/ROI3/patches/ROI3.h5
[INFO] Patch visualization saved: /project/simmons_hts/kxu/hest/visium_data/VisiumR2/slide2/ROI3/patches_vis/ROI3_patch_vis.png
<hest.HESTData.HESTData object at 0x7b74154c2ad0>
        'pixel_size' is 0.4401668217373307
        'wsi' is <width=18508, height=20346, backend=OpenSlideWSI>
        'shapes': []
[INFO] ROI4: tissue_seg present = True
found 0 valid patches
[INFO] Patches saved for ROI4: /project/simmons_hts/kxu/hest/visium_data/VisiumR2/slide2/ROI4/patches/ROI4.h5
[INFO] Patch visualization saved: /project/simmons_hts/kxu/hest/visium_data/VisiumR2/slide2/ROI4/patches_vis/ROI4_patch_vis.png
Processing /project/simmons_hts/kxu/hest/visium_data/VisiumR3/slide1...
[INFO] Auto-detected 4 sample folders: ['ROI1', 'ROI2', 'ROI3', 'ROI4']
<hest.HESTData.HESTData object at 0x7b74007b6990>
        'pixel_size' is 0.44296109440631604
        'wsi' is <width=20340, height=18501, backend=OpenSlideWSI>
        'shapes': []
[INFO] ROI1: tissue_seg present = True
found 0 valid patches
[INFO] Patches saved for ROI1: /project/simmons_hts/kxu/hest/visium_data/VisiumR3/slide1/ROI1/patches/ROI1.h5
[INFO] Patch visualization saved: /project/simmons_hts/kxu/hest/visium_data/VisiumR3/slide1/ROI1/patches_vis/ROI1_patch_vis.png
<hest.HESTData.HESTData object at 0x7b7415080b10>
        'pixel_size' is 0.44084184792638825
        'wsi' is <width=20350, height=18500, backend=OpenSlideWSI>
        'shapes': []
[INFO] ROI2: tissue_seg present = True
found 0 valid patches
[INFO] Patches saved for ROI2: /project/simmons_hts/kxu/hest/visium_data/VisiumR3/slide1/ROI2/patches/ROI2.h5
[INFO] Patch visualization saved: /project/simmons_hts/kxu/hest/visium_data/VisiumR3/slide1/ROI2/patches_vis/ROI2_patch_vis.png
<hest.HESTData.HESTData object at 0x7b74001f42d0>
        'pixel_size' is 0.4382164760411641
        'wsi' is <width=18910, height=18500, backend=OpenSlideWSI>
        'shapes': []
[INFO] ROI3: tissue_seg present = True
found 0 valid patches
[INFO] Patches saved for ROI3: /project/simmons_hts/kxu/hest/visium_data/VisiumR3/slide1/ROI3/patches/ROI3.h5
[INFO] Patch visualization saved: /project/simmons_hts/kxu/hest/visium_data/VisiumR3/slide1/ROI3/patches_vis/ROI3_patch_vis.png
<hest.HESTData.HESTData object at 0x7b7414ef7c90>
        'pixel_size' is 0.44216784780318674
        'wsi' is <width=18921, height=18499, backend=OpenSlideWSI>
        'shapes': []
[INFO] ROI4: tissue_seg present = True
found 0 valid patches
[INFO] Patches saved for ROI4: /project/simmons_hts/kxu/hest/visium_data/VisiumR3/slide1/ROI4/patches/ROI4.h5
[INFO] Patch visualization saved: /project/simmons_hts/kxu/hest/visium_data/VisiumR3/slide1/ROI4/patches_vis/ROI4_patch_vis.png
Skipping /project/simmons_hts/kxu/hest/visium_data/VisiumR3/slide2 (not found)
Processing /project/simmons_hts/kxu/hest/visium_data/VisiumR4/slide1...
[INFO] Auto-detected 4 sample folders: ['ROI1', 'ROI2', 'ROI3', 'ROI4']
<hest.HESTData.HESTData object at 0x7b74158c36d0>
        'pixel_size' is 0.4427048500924932
        'wsi' is <width=18898, height=18501, backend=OpenSlideWSI>
        'shapes': []
[INFO] ROI1: tissue_seg present = True
found 0 valid patches
[INFO] Patches saved for ROI1: /project/simmons_hts/kxu/hest/visium_data/VisiumR4/slide1/ROI1/patches/ROI1.h5
[INFO] Patch visualization saved: /project/simmons_hts/kxu/hest/visium_data/VisiumR4/slide1/ROI1/patches_vis/ROI1_patch_vis.png
<hest.HESTData.HESTData object at 0x7b73cef7f390>
        'pixel_size' is 0.47918903369998833
        'wsi' is <width=18905, height=18507, backend=OpenSlideWSI>
        'shapes': []
[INFO] ROI2: tissue_seg present = True
found 0 valid patches
[INFO] Patches saved for ROI2: /project/simmons_hts/kxu/hest/visium_data/VisiumR4/slide1/ROI2/patches/ROI2.h5
[INFO] Patch visualization saved: /project/simmons_hts/kxu/hest/visium_data/VisiumR4/slide1/ROI2/patches_vis/ROI2_patch_vis.png
<hest.HESTData.HESTData object at 0x7b74152aad10>
        'pixel_size' is 0.44293301685959935
        'wsi' is <width=20349, height=18506, backend=OpenSlideWSI>
        'shapes': []
[INFO] ROI3: tissue_seg present = True
found 0 valid patches
[INFO] Patches saved for ROI3: /project/simmons_hts/kxu/hest/visium_data/VisiumR4/slide1/ROI3/patches/ROI3.h5
[INFO] Patch visualization saved: /project/simmons_hts/kxu/hest/visium_data/VisiumR4/slide1/ROI3/patches_vis/ROI3_patch_vis.png
<hest.HESTData.HESTData object at 0x7b73cc53f450>
        'pixel_size' is 0.4424765392099344
        'wsi' is <width=18914, height=18503, backend=OpenSlideWSI>
        'shapes': []
[INFO] ROI4: tissue_seg present = True
found 0 valid patches
[INFO] Patches saved for ROI4: /project/simmons_hts/kxu/hest/visium_data/VisiumR4/slide1/ROI4/patches/ROI4.h5
[INFO] Patch visualization saved: /project/simmons_hts/kxu/hest/visium_data/VisiumR4/slide1/ROI4/patches_vis/ROI4_patch_vis.png
Skipping /project/simmons_hts/kxu/hest/visium_data/VisiumR4/slide2 (not found)
Processing /project/simmons_hts/kxu/hest/visium_data/VisiumR5/slide1...
[INFO] Auto-detected 4 sample folders: ['ROI1', 'ROI2', 'ROI3', 'ROI4']
<hest.HESTData.HESTData object at 0x7b740052b8d0>
        'pixel_size' is 0.4426084197991328
        'wsi' is <width=18912, height=19584, backend=OpenSlideWSI>
        'shapes': []
[INFO] ROI1: tissue_seg present = True
found 0 valid patches
[INFO] Patches saved for ROI1: /project/simmons_hts/kxu/hest/visium_data/VisiumR5/slide1/ROI1/patches/ROI1.h5
[INFO] Patch visualization saved: /project/simmons_hts/kxu/hest/visium_data/VisiumR5/slide1/ROI1/patches_vis/ROI1_patch_vis.png
<hest.HESTData.HESTData object at 0x7b73cc56fc90>
        'pixel_size' is 0.4424778761061947
        'wsi' is <width=18904, height=19584, backend=OpenSlideWSI>
        'shapes': []
[INFO] ROI2: tissue_seg present = True
found 0 valid patches
[INFO] Patches saved for ROI2: /project/simmons_hts/kxu/hest/visium_data/VisiumR5/slide1/ROI2/patches/ROI2.h5
[INFO] Patch visualization saved: /project/simmons_hts/kxu/hest/visium_data/VisiumR5/slide1/ROI2/patches_vis/ROI2_patch_vis.png
<hest.HESTData.HESTData object at 0x7b7414a33710>
        'pixel_size' is 0.44273561317455157
        'wsi' is <width=20353, height=19586, backend=OpenSlideWSI>
        'shapes': []
[INFO] ROI3: tissue_seg present = True
found 0 valid patches
[INFO] Patches saved for ROI3: /project/simmons_hts/kxu/hest/visium_data/VisiumR5/slide1/ROI3/patches/ROI3.h5
[INFO] Patch visualization saved: /project/simmons_hts/kxu/hest/visium_data/VisiumR5/slide1/ROI3/patches_vis/ROI3_patch_vis.png
<hest.HESTData.HESTData object at 0x7b73b781ba90>
        'pixel_size' is 0.4426410918480266
        'wsi' is <width=20352, height=19586, backend=OpenSlideWSI>
        'shapes': []
[INFO] ROI4: tissue_seg present = True
found 0 valid patches
[INFO] Patches saved for ROI4: /project/simmons_hts/kxu/hest/visium_data/VisiumR5/slide1/ROI4/patches/ROI4.h5
[INFO] Patch visualization saved: /project/simmons_hts/kxu/hest/visium_data/VisiumR5/slide1/ROI4/patches_vis/ROI4_patch_vis.png
Processing /project/simmons_hts/kxu/hest/visium_data/VisiumR5/slide2...
[INFO] Auto-detected 3 sample folders: ['ROI1', 'ROI2', 'ROI3']
<hest.HESTData.HESTData object at 0x7b74158d8d90>
        'pixel_size' is 0.43908853959891986
        'wsi' is <width=18903, height=18497, backend=OpenSlideWSI>
        'shapes': []
[INFO] ROI1: tissue_seg present = True
found 0 valid patches
[INFO] Patches saved for ROI1: /project/simmons_hts/kxu/hest/visium_data/VisiumR5/slide2/ROI1/patches/ROI1.h5
[INFO] Patch visualization saved: /project/simmons_hts/kxu/hest/visium_data/VisiumR5/slide2/ROI1/patches_vis/ROI1_patch_vis.png
<hest.HESTData.HESTData object at 0x7b73cc685890>
        'pixel_size' is 0.4427571947172449
        'wsi' is <width=20344, height=17419, backend=OpenSlideWSI>
        'shapes': []
[INFO] ROI2: tissue_seg present = True
found 0 valid patches
[INFO] Patches saved for ROI2: /project/simmons_hts/kxu/hest/visium_data/VisiumR5/slide2/ROI2/patches/ROI2.h5
[INFO] Patch visualization saved: /project/simmons_hts/kxu/hest/visium_data/VisiumR5/slide2/ROI2/patches_vis/ROI2_patch_vis.png
<hest.HESTData.HESTData object at 0x7b74158f6350>
        'pixel_size' is 0.44260780200614663
        'wsi' is <width=20356, height=18498, backend=OpenSlideWSI>
        'shapes': []
[INFO] ROI3: tissue_seg present = True
CBB Profiling started Tue Dec  2 19:35:52 2025
SLURM_JOB_ID		4613689
REQ_CPU_CORES		40
REQ_MEMORY_GB		640.000000
Starting profiling...

                                                                                
                                                                                
                                   CPU (cores)                                  
  40 +----------------------------------------------------------------------+   
     |       +       +       +       +      +       +       +       +       |   
     |                                                                      |   
  35 |-+                                                                  +-|   
     |                                                                      |   
     |                                                                      |   
  30 |-+                                                                  +-|   
     |                                                                      |   
     |                                                                      |   
  25 |-+                                                                  +-|   
     |                                                                      |   
  20 |-+                                                                  +-|   
     |                                                                      |   
     |                                                                      |   
  15 |-+                                                                  +-|   
     |                                                                      |   
     |                                                                      |   
  10 |-+                                                                  +-|   
     |                                                                      |   
     |                                                                      |   
   5 |-+                                                                  +-|   
     |                                                                      |   
     |## ##  +       +       +       +      +       +       +       +       |   
   0 +----------------------------------------------------------------------+   
     0      200     400     600     800    1000    1200    1400    1600    1800 
                               Job profiling step                               
                                                                                

                                                                                
                                                                                
                                    Memory (GB)                                 
  700 +---------------------------------------------------------------------+   
      |       +       +      +       +       +       +      +       +       |   
      |*********************************************************************|   
  600 |-+                                                                 +-|   
      |                                                                     |   
      |                                                                     |   
      |                                                                     |   
  500 |-+                                                                 +-|   
      |                                                                     |   
      |                                                                     |   
  400 |-+                                                                 +-|   
      |                                                                     |   
      |                                                                     |   
  300 |-+                                                                 +-|   
      |                                                                     |   
      |                                                                     |   
  200 |-+                                                                 +-|   
      |                                                                     |   
      |                                                                     |   
      |                                                                     |   
  100 |-+                                                                 +-|   
      |                                                                     |   
      |       +       +      +       +       +       +      +       +       |   
    0 +---------------------------------------------------------------------+   
      0      200     400    600     800     1000    1200   1400    1600    1800 
                                Job profiling step                              
                                                                                

                                                                                
                                                                                
                                   Data read (GB)                               
  0.0012 +------------------------------------------------------------------+   
         |      +       +      +       +      +       +      +       +      |   
         |                                                                ##|   
         |                                                            ##### |   
   0.001 |-+                                                      #####   +-|   
         |                                                     ####         |   
         |                                                 #####            |   
         |                                              ####                |   
  0.0008 |-+                                         ####                 +-|   
         |                                       #####                      |   
         |                                    ####                          |   
  0.0006 |-+                             ######                           +-|   
         |                           #####                                  |   
         |                        ####                                      |   
         |                    #####                                         |   
  0.0004 |-+              #####                                           +-|   
         |            #####                                                 |   
         |        #####                                                     |   
         |    #####                                                         |   
  0.0002 |-####                                                           +-|   
         |##                                                                |   
         |                                                                  |   
         |      +       +      +       +      +       +      +       +      |   
       0 +------------------------------------------------------------------+   
         0     200     400    600     800    1000    1200   1400    1600   1800 
                                 Job profiling step                             
                                                                                

                                                                                
                                                                                
                                Data written (GB)                               
  14 +----------------------------------------------------------------------+   
     |       +       +       +       +      +       +       +       +       |   
     |                                                                  ####|   
  12 |-+                                                             #### +-|   
     |                                                           #####      |   
     |                                                        ####          |   
     |                                                     ####             |   
  10 |-+                                                ####              +-|   
     |                                               ####                   |   
     |                                            ####                      |   
   8 |-+                                       ####                       +-|   
     |                                      ####                            |   
     |                                   ####                               |   
   6 |-+                             #####                                +-|   
     |                            ####                                      |   
     |                         ####                                         |   
   4 |-+                   ####                                           +-|   
     |                  ####                                                |   
     |               ####                                                   |   
     |            ####                                                      |   
   2 |-+      #####                                                       +-|   
     |     ####                                                             |   
     |  #### +       +       +       +      +       +       +       +       |   
   0 +----------------------------------------------------------------------+   
     0      200     400     600     800    1000    1200    1400    1600    1800 
                               Job profiling step                               
                                                                                
